<?xml version="1.0" encoding="UTF-8"?>
<testsuite xmlns:xsi="http://www.w3.org/2001/XMLSchema-instance" xsi:noNamespaceSchemaLocation="https://maven.apache.org/surefire/maven-surefire-plugin/xsd/surefire-test-report-3.0.xsd" version="3.0" name="features.ExamplesTest" time="7.125" tests="1" errors="0" skipped="0" failures="0">
  <properties>
    <property name="java.specification.version" value="17"/>
    <property name="sun.cpu.isalist" value="amd64"/>
    <property name="sun.jnu.encoding" value="Cp1252"/>
    <property name="java.class.path" value="C:\Users\Admin\Downloads\Capacitacion\CapacitacionKarateTCS1205\CapaKarateTCS1\target\test-classes;C:\Users\Admin\Downloads\Capacitacion\CapacitacionKarateTCS1205\CapaKarateTCS1\target\classes;C:\Users\Admin\.m2\repository\io\karatelabs\karate-junit5\1.5.0\karate-junit5-1.5.0.jar;C:\Users\Admin\.m2\repository\io\karatelabs\karate-core\1.5.0\karate-core-1.5.0.jar;C:\Users\Admin\.m2\repository\org\graalvm\js\js-scriptengine\24.0.0\js-scriptengine-24.0.0.jar;C:\Users\Admin\.m2\repository\org\graalvm\polyglot\polyglot\24.0.0\polyglot-24.0.0.jar;C:\Users\Admin\.m2\repository\org\graalvm\sdk\collections\24.0.0\collections-24.0.0.jar;C:\Users\Admin\.m2\repository\org\graalvm\sdk\nativeimage\24.0.0\nativeimage-24.0.0.jar;C:\Users\Admin\.m2\repository\org\graalvm\sdk\word\24.0.0\word-24.0.0.jar;C:\Users\Admin\.m2\repository\org\graalvm\js\js-language\24.0.0\js-language-24.0.0.jar;C:\Users\Admin\.m2\repository\org\graalvm\regex\regex\24.0.0\regex-24.0.0.jar;C:\Users\Admin\.m2\repository\org\graalvm\truffle\truffle-api\24.0.0\truffle-api-24.0.0.jar;C:\Users\Admin\.m2\repository\org\graalvm\shadowed\icu4j\24.0.0\icu4j-24.0.0.jar;C:\Users\Admin\.m2\repository\org\thymeleaf\thymeleaf\3.1.2.RELEASE\thymeleaf-3.1.2.RELEASE.jar;C:\Users\Admin\.m2\repository\ognl\ognl\3.3.4\ognl-3.3.4.jar;C:\Users\Admin\.m2\repository\org\javassist\javassist\3.29.0-GA\javassist-3.29.0-GA.jar;C:\Users\Admin\.m2\repository\org\attoparser\attoparser\2.0.7.RELEASE\attoparser-2.0.7.RELEASE.jar;C:\Users\Admin\.m2\repository\org\unbescape\unbescape\1.1.6.RELEASE\unbescape-1.1.6.RELEASE.jar;C:\Users\Admin\.m2\repository\com\linecorp\armeria\armeria\1.29.2\armeria-1.29.2.jar;C:\Users\Admin\.m2\repository\com\fasterxml\jackson\core\jackson-core\2.17.1\jackson-core-2.17.1.jar;C:\Users\Admin\.m2\repository\com\fasterxml\jackson\core\jackson-annotations\2.17.1\jackson-annotations-2.17.1.jar;C:\Users\Admin\.m2\repository\com\fasterxml\jackson\core\jackson-databind\2.17.1\jackson-databind-2.17.1.jar;C:\Users\Admin\.m2\repository\com\fasterxml\jackson\datatype\jackson-datatype-jdk8\2.17.1\jackson-datatype-jdk8-2.17.1.jar;C:\Users\Admin\.m2\repository\com\fasterxml\jackson\datatype\jackson-datatype-jsr310\2.17.1\jackson-datatype-jsr310-2.17.1.jar;C:\Users\Admin\.m2\repository\io\micrometer\micrometer-core\1.13.0\micrometer-core-1.13.0.jar;C:\Users\Admin\.m2\repository\io\micrometer\micrometer-commons\1.13.0\micrometer-commons-1.13.0.jar;C:\Users\Admin\.m2\repository\io\micrometer\micrometer-observation\1.13.0\micrometer-observation-1.13.0.jar;C:\Users\Admin\.m2\repository\org\hdrhistogram\HdrHistogram\2.2.1\HdrHistogram-2.2.1.jar;C:\Users\Admin\.m2\repository\org\latencyutils\LatencyUtils\2.0.3\LatencyUtils-2.0.3.jar;C:\Users\Admin\.m2\repository\io\netty\netty-transport\4.1.110.Final\netty-transport-4.1.110.Final.jar;C:\Users\Admin\.m2\repository\io\netty\netty-common\4.1.110.Final\netty-common-4.1.110.Final.jar;C:\Users\Admin\.m2\repository\io\netty\netty-buffer\4.1.110.Final\netty-buffer-4.1.110.Final.jar;C:\Users\Admin\.m2\repository\io\netty\netty-resolver\4.1.110.Final\netty-resolver-4.1.110.Final.jar;C:\Users\Admin\.m2\repository\io\netty\netty-codec-haproxy\4.1.110.Final\netty-codec-haproxy-4.1.110.Final.jar;C:\Users\Admin\.m2\repository\io\netty\netty-codec\4.1.110.Final\netty-codec-4.1.110.Final.jar;C:\Users\Admin\.m2\repository\io\netty\netty-codec-http2\4.1.110.Final\netty-codec-http2-4.1.110.Final.jar;C:\Users\Admin\.m2\repository\io\netty\netty-handler\4.1.110.Final\netty-handler-4.1.110.Final.jar;C:\Users\Admin\.m2\repository\io\netty\netty-codec-http\4.1.110.Final\netty-codec-http-4.1.110.Final.jar;C:\Users\Admin\.m2\repository\io\netty\netty-resolver-dns\4.1.110.Final\netty-resolver-dns-4.1.110.Final.jar;C:\Users\Admin\.m2\repository\io\netty\netty-codec-dns\4.1.110.Final\netty-codec-dns-4.1.110.Final.jar;C:\Users\Admin\.m2\repository\io\netty\netty-transport-native-unix-common\4.1.110.Final\netty-transport-native-unix-common-4.1.110.Final-linux-x86_64.jar;C:\Users\Admin\.m2\repository\io\netty\netty-transport-native-unix-common\4.1.110.Final\netty-transport-native-unix-common-4.1.110.Final-linux-aarch_64.jar;C:\Users\Admin\.m2\repository\io\netty\netty-transport-native-unix-common\4.1.110.Final\netty-transport-native-unix-common-4.1.110.Final-osx-x86_64.jar;C:\Users\Admin\.m2\repository\io\netty\netty-transport-native-unix-common\4.1.110.Final\netty-transport-native-unix-common-4.1.110.Final-osx-aarch_64.jar;C:\Users\Admin\.m2\repository\org\reactivestreams\reactive-streams\1.0.4\reactive-streams-1.0.4.jar;C:\Users\Admin\.m2\repository\com\google\code\findbugs\jsr305\3.0.2\jsr305-3.0.2.jar;C:\Users\Admin\.m2\repository\io\netty\netty-handler-proxy\4.1.110.Final\netty-handler-proxy-4.1.110.Final.jar;C:\Users\Admin\.m2\repository\io\netty\netty-codec-socks\4.1.110.Final\netty-codec-socks-4.1.110.Final.jar;C:\Users\Admin\.m2\repository\io\netty\netty-transport-native-epoll\4.1.110.Final\netty-transport-native-epoll-4.1.110.Final-linux-x86_64.jar;C:\Users\Admin\.m2\repository\io\netty\netty-transport-native-unix-common\4.1.110.Final\netty-transport-native-unix-common-4.1.110.Final.jar;C:\Users\Admin\.m2\repository\io\netty\netty-transport-classes-epoll\4.1.110.Final\netty-transport-classes-epoll-4.1.110.Final.jar;C:\Users\Admin\.m2\repository\io\netty\netty-transport-native-epoll\4.1.110.Final\netty-transport-native-epoll-4.1.110.Final-linux-aarch_64.jar;C:\Users\Admin\.m2\repository\io\netty\netty-transport-native-kqueue\4.1.110.Final\netty-transport-native-kqueue-4.1.110.Final-osx-x86_64.jar;C:\Users\Admin\.m2\repository\io\netty\netty-transport-classes-kqueue\4.1.110.Final\netty-transport-classes-kqueue-4.1.110.Final.jar;C:\Users\Admin\.m2\repository\io\netty\netty-resolver-dns-native-macos\4.1.110.Final\netty-resolver-dns-native-macos-4.1.110.Final-osx-x86_64.jar;C:\Users\Admin\.m2\repository\io\netty\netty-resolver-dns-classes-macos\4.1.110.Final\netty-resolver-dns-classes-macos-4.1.110.Final.jar;C:\Users\Admin\.m2\repository\io\netty\netty-transport-native-kqueue\4.1.110.Final\netty-transport-native-kqueue-4.1.110.Final-osx-aarch_64.jar;C:\Users\Admin\.m2\repository\io\netty\netty-resolver-dns-native-macos\4.1.110.Final\netty-resolver-dns-native-macos-4.1.110.Final-osx-aarch_64.jar;C:\Users\Admin\.m2\repository\io\netty\netty-tcnative-boringssl-static\2.0.65.Final\netty-tcnative-boringssl-static-2.0.65.Final-linux-x86_64.jar;C:\Users\Admin\.m2\repository\io\netty\netty-tcnative-classes\2.0.65.Final\netty-tcnative-classes-2.0.65.Final.jar;C:\Users\Admin\.m2\repository\io\netty\netty-tcnative-boringssl-static\2.0.65.Final\netty-tcnative-boringssl-static-2.0.65.Final-linux-aarch_64.jar;C:\Users\Admin\.m2\repository\io\netty\netty-tcnative-boringssl-static\2.0.65.Final\netty-tcnative-boringssl-static-2.0.65.Final-osx-x86_64.jar;C:\Users\Admin\.m2\repository\io\netty\netty-tcnative-boringssl-static\2.0.65.Final\netty-tcnative-boringssl-static-2.0.65.Final-osx-aarch_64.jar;C:\Users\Admin\.m2\repository\io\netty\netty-tcnative-boringssl-static\2.0.65.Final\netty-tcnative-boringssl-static-2.0.65.Final-windows-x86_64.jar;C:\Users\Admin\.m2\repository\com\aayushatharva\brotli4j\brotli4j\1.16.0\brotli4j-1.16.0.jar;C:\Users\Admin\.m2\repository\com\aayushatharva\brotli4j\service\1.16.0\service-1.16.0.jar;C:\Users\Admin\.m2\repository\com\aayushatharva\brotli4j\native-windows-x86_64\1.16.0\native-windows-x86_64-1.16.0.jar;C:\Users\Admin\.m2\repository\org\apache\httpcomponents\httpclient\4.5.14\httpclient-4.5.14.jar;C:\Users\Admin\.m2\repository\org\apache\httpcomponents\httpcore\4.4.16\httpcore-4.4.16.jar;C:\Users\Admin\.m2\repository\commons-codec\commons-codec\1.16.1\commons-codec-1.16.1.jar;C:\Users\Admin\.m2\repository\ch\qos\logback\logback-classic\1.5.4\logback-classic-1.5.4.jar;C:\Users\Admin\.m2\repository\ch\qos\logback\logback-core\1.5.4\logback-core-1.5.4.jar;C:\Users\Admin\.m2\repository\org\slf4j\jcl-over-slf4j\2.0.12\jcl-over-slf4j-2.0.12.jar;C:\Users\Admin\.m2\repository\org\slf4j\slf4j-api\2.0.12\slf4j-api-2.0.12.jar;C:\Users\Admin\.m2\repository\org\antlr\antlr4-runtime\4.13.1\antlr4-runtime-4.13.1.jar;C:\Users\Admin\.m2\repository\com\jayway\jsonpath\json-path\2.9.0\json-path-2.9.0.jar;C:\Users\Admin\.m2\repository\net\minidev\json-smart\2.5.1\json-smart-2.5.1.jar;C:\Users\Admin\.m2\repository\net\minidev\accessors-smart\2.5.1\accessors-smart-2.5.1.jar;C:\Users\Admin\.m2\repository\org\ow2\asm\asm\9.6\asm-9.6.jar;C:\Users\Admin\.m2\repository\org\yaml\snakeyaml\2.2\snakeyaml-2.2.jar;C:\Users\Admin\.m2\repository\de\siegmar\fastcsv\3.1.0\fastcsv-3.1.0.jar;C:\Users\Admin\.m2\repository\info\picocli\picocli\4.7.5\picocli-4.7.5.jar;C:\Users\Admin\.m2\repository\io\github\classgraph\classgraph\4.8.170\classgraph-4.8.170.jar;C:\Users\Admin\.m2\repository\io\github\t12y\resemble\1.1.0\resemble-1.1.0.jar;C:\Users\Admin\.m2\repository\io\github\t12y\ssim\1.0.0\ssim-1.0.0.jar;C:\Users\Admin\.m2\repository\org\junit\jupiter\junit-jupiter-api\5.10.2\junit-jupiter-api-5.10.2.jar;C:\Users\Admin\.m2\repository\org\opentest4j\opentest4j\1.3.0\opentest4j-1.3.0.jar;C:\Users\Admin\.m2\repository\org\junit\platform\junit-platform-commons\1.10.2\junit-platform-commons-1.10.2.jar;C:\Users\Admin\.m2\repository\org\apiguardian\apiguardian-api\1.1.2\apiguardian-api-1.1.2.jar;C:\Users\Admin\.m2\repository\org\junit\jupiter\junit-jupiter-engine\5.10.2\junit-jupiter-engine-5.10.2.jar;C:\Users\Admin\.m2\repository\org\junit\platform\junit-platform-engine\1.10.2\junit-platform-engine-1.10.2.jar;"/>
    <property name="java.vm.vendor" value="Oracle Corporation"/>
    <property name="sun.arch.data.model" value="64"/>
    <property name="karate.env" value="cert"/>
    <property name="user.variant" value=""/>
    <property name="java.vendor.url" value="https://java.oracle.com/"/>
    <property name="user.timezone" value="America/Lima"/>
    <property name="os.name" value="Windows 11"/>
    <property name="java.vm.specification.version" value="17"/>
    <property name="sun.java.launcher" value="SUN_STANDARD"/>
    <property name="user.country" value="PE"/>
    <property name="sun.boot.library.path" value="C:\Program Files\Java\jdk-17\bin"/>
    <property name="sun.java.command" value="C:\Users\Admin\AppData\Local\Temp\surefire49773833463477464\surefirebooter-20250803172055934_3.jar C:\Users\Admin\AppData\Local\Temp\surefire49773833463477464 2025-08-03T17-20-55_700-jvmRun1 surefire-20250803172055934_1tmp surefire_0-20250803172055934_2tmp"/>
    <property name="jdk.debug" value="release"/>
    <property name="surefire.test.class.path" value="C:\Users\Admin\Downloads\Capacitacion\CapacitacionKarateTCS1205\CapaKarateTCS1\target\test-classes;C:\Users\Admin\Downloads\Capacitacion\CapacitacionKarateTCS1205\CapaKarateTCS1\target\classes;C:\Users\Admin\.m2\repository\io\karatelabs\karate-junit5\1.5.0\karate-junit5-1.5.0.jar;C:\Users\Admin\.m2\repository\io\karatelabs\karate-core\1.5.0\karate-core-1.5.0.jar;C:\Users\Admin\.m2\repository\org\graalvm\js\js-scriptengine\24.0.0\js-scriptengine-24.0.0.jar;C:\Users\Admin\.m2\repository\org\graalvm\polyglot\polyglot\24.0.0\polyglot-24.0.0.jar;C:\Users\Admin\.m2\repository\org\graalvm\sdk\collections\24.0.0\collections-24.0.0.jar;C:\Users\Admin\.m2\repository\org\graalvm\sdk\nativeimage\24.0.0\nativeimage-24.0.0.jar;C:\Users\Admin\.m2\repository\org\graalvm\sdk\word\24.0.0\word-24.0.0.jar;C:\Users\Admin\.m2\repository\org\graalvm\js\js-language\24.0.0\js-language-24.0.0.jar;C:\Users\Admin\.m2\repository\org\graalvm\regex\regex\24.0.0\regex-24.0.0.jar;C:\Users\Admin\.m2\repository\org\graalvm\truffle\truffle-api\24.0.0\truffle-api-24.0.0.jar;C:\Users\Admin\.m2\repository\org\graalvm\shadowed\icu4j\24.0.0\icu4j-24.0.0.jar;C:\Users\Admin\.m2\repository\org\thymeleaf\thymeleaf\3.1.2.RELEASE\thymeleaf-3.1.2.RELEASE.jar;C:\Users\Admin\.m2\repository\ognl\ognl\3.3.4\ognl-3.3.4.jar;C:\Users\Admin\.m2\repository\org\javassist\javassist\3.29.0-GA\javassist-3.29.0-GA.jar;C:\Users\Admin\.m2\repository\org\attoparser\attoparser\2.0.7.RELEASE\attoparser-2.0.7.RELEASE.jar;C:\Users\Admin\.m2\repository\org\unbescape\unbescape\1.1.6.RELEASE\unbescape-1.1.6.RELEASE.jar;C:\Users\Admin\.m2\repository\com\linecorp\armeria\armeria\1.29.2\armeria-1.29.2.jar;C:\Users\Admin\.m2\repository\com\fasterxml\jackson\core\jackson-core\2.17.1\jackson-core-2.17.1.jar;C:\Users\Admin\.m2\repository\com\fasterxml\jackson\core\jackson-annotations\2.17.1\jackson-annotations-2.17.1.jar;C:\Users\Admin\.m2\repository\com\fasterxml\jackson\core\jackson-databind\2.17.1\jackson-databind-2.17.1.jar;C:\Users\Admin\.m2\repository\com\fasterxml\jackson\datatype\jackson-datatype-jdk8\2.17.1\jackson-datatype-jdk8-2.17.1.jar;C:\Users\Admin\.m2\repository\com\fasterxml\jackson\datatype\jackson-datatype-jsr310\2.17.1\jackson-datatype-jsr310-2.17.1.jar;C:\Users\Admin\.m2\repository\io\micrometer\micrometer-core\1.13.0\micrometer-core-1.13.0.jar;C:\Users\Admin\.m2\repository\io\micrometer\micrometer-commons\1.13.0\micrometer-commons-1.13.0.jar;C:\Users\Admin\.m2\repository\io\micrometer\micrometer-observation\1.13.0\micrometer-observation-1.13.0.jar;C:\Users\Admin\.m2\repository\org\hdrhistogram\HdrHistogram\2.2.1\HdrHistogram-2.2.1.jar;C:\Users\Admin\.m2\repository\org\latencyutils\LatencyUtils\2.0.3\LatencyUtils-2.0.3.jar;C:\Users\Admin\.m2\repository\io\netty\netty-transport\4.1.110.Final\netty-transport-4.1.110.Final.jar;C:\Users\Admin\.m2\repository\io\netty\netty-common\4.1.110.Final\netty-common-4.1.110.Final.jar;C:\Users\Admin\.m2\repository\io\netty\netty-buffer\4.1.110.Final\netty-buffer-4.1.110.Final.jar;C:\Users\Admin\.m2\repository\io\netty\netty-resolver\4.1.110.Final\netty-resolver-4.1.110.Final.jar;C:\Users\Admin\.m2\repository\io\netty\netty-codec-haproxy\4.1.110.Final\netty-codec-haproxy-4.1.110.Final.jar;C:\Users\Admin\.m2\repository\io\netty\netty-codec\4.1.110.Final\netty-codec-4.1.110.Final.jar;C:\Users\Admin\.m2\repository\io\netty\netty-codec-http2\4.1.110.Final\netty-codec-http2-4.1.110.Final.jar;C:\Users\Admin\.m2\repository\io\netty\netty-handler\4.1.110.Final\netty-handler-4.1.110.Final.jar;C:\Users\Admin\.m2\repository\io\netty\netty-codec-http\4.1.110.Final\netty-codec-http-4.1.110.Final.jar;C:\Users\Admin\.m2\repository\io\netty\netty-resolver-dns\4.1.110.Final\netty-resolver-dns-4.1.110.Final.jar;C:\Users\Admin\.m2\repository\io\netty\netty-codec-dns\4.1.110.Final\netty-codec-dns-4.1.110.Final.jar;C:\Users\Admin\.m2\repository\io\netty\netty-transport-native-unix-common\4.1.110.Final\netty-transport-native-unix-common-4.1.110.Final-linux-x86_64.jar;C:\Users\Admin\.m2\repository\io\netty\netty-transport-native-unix-common\4.1.110.Final\netty-transport-native-unix-common-4.1.110.Final-linux-aarch_64.jar;C:\Users\Admin\.m2\repository\io\netty\netty-transport-native-unix-common\4.1.110.Final\netty-transport-native-unix-common-4.1.110.Final-osx-x86_64.jar;C:\Users\Admin\.m2\repository\io\netty\netty-transport-native-unix-common\4.1.110.Final\netty-transport-native-unix-common-4.1.110.Final-osx-aarch_64.jar;C:\Users\Admin\.m2\repository\org\reactivestreams\reactive-streams\1.0.4\reactive-streams-1.0.4.jar;C:\Users\Admin\.m2\repository\com\google\code\findbugs\jsr305\3.0.2\jsr305-3.0.2.jar;C:\Users\Admin\.m2\repository\io\netty\netty-handler-proxy\4.1.110.Final\netty-handler-proxy-4.1.110.Final.jar;C:\Users\Admin\.m2\repository\io\netty\netty-codec-socks\4.1.110.Final\netty-codec-socks-4.1.110.Final.jar;C:\Users\Admin\.m2\repository\io\netty\netty-transport-native-epoll\4.1.110.Final\netty-transport-native-epoll-4.1.110.Final-linux-x86_64.jar;C:\Users\Admin\.m2\repository\io\netty\netty-transport-native-unix-common\4.1.110.Final\netty-transport-native-unix-common-4.1.110.Final.jar;C:\Users\Admin\.m2\repository\io\netty\netty-transport-classes-epoll\4.1.110.Final\netty-transport-classes-epoll-4.1.110.Final.jar;C:\Users\Admin\.m2\repository\io\netty\netty-transport-native-epoll\4.1.110.Final\netty-transport-native-epoll-4.1.110.Final-linux-aarch_64.jar;C:\Users\Admin\.m2\repository\io\netty\netty-transport-native-kqueue\4.1.110.Final\netty-transport-native-kqueue-4.1.110.Final-osx-x86_64.jar;C:\Users\Admin\.m2\repository\io\netty\netty-transport-classes-kqueue\4.1.110.Final\netty-transport-classes-kqueue-4.1.110.Final.jar;C:\Users\Admin\.m2\repository\io\netty\netty-resolver-dns-native-macos\4.1.110.Final\netty-resolver-dns-native-macos-4.1.110.Final-osx-x86_64.jar;C:\Users\Admin\.m2\repository\io\netty\netty-resolver-dns-classes-macos\4.1.110.Final\netty-resolver-dns-classes-macos-4.1.110.Final.jar;C:\Users\Admin\.m2\repository\io\netty\netty-transport-native-kqueue\4.1.110.Final\netty-transport-native-kqueue-4.1.110.Final-osx-aarch_64.jar;C:\Users\Admin\.m2\repository\io\netty\netty-resolver-dns-native-macos\4.1.110.Final\netty-resolver-dns-native-macos-4.1.110.Final-osx-aarch_64.jar;C:\Users\Admin\.m2\repository\io\netty\netty-tcnative-boringssl-static\2.0.65.Final\netty-tcnative-boringssl-static-2.0.65.Final-linux-x86_64.jar;C:\Users\Admin\.m2\repository\io\netty\netty-tcnative-classes\2.0.65.Final\netty-tcnative-classes-2.0.65.Final.jar;C:\Users\Admin\.m2\repository\io\netty\netty-tcnative-boringssl-static\2.0.65.Final\netty-tcnative-boringssl-static-2.0.65.Final-linux-aarch_64.jar;C:\Users\Admin\.m2\repository\io\netty\netty-tcnative-boringssl-static\2.0.65.Final\netty-tcnative-boringssl-static-2.0.65.Final-osx-x86_64.jar;C:\Users\Admin\.m2\repository\io\netty\netty-tcnative-boringssl-static\2.0.65.Final\netty-tcnative-boringssl-static-2.0.65.Final-osx-aarch_64.jar;C:\Users\Admin\.m2\repository\io\netty\netty-tcnative-boringssl-static\2.0.65.Final\netty-tcnative-boringssl-static-2.0.65.Final-windows-x86_64.jar;C:\Users\Admin\.m2\repository\com\aayushatharva\brotli4j\brotli4j\1.16.0\brotli4j-1.16.0.jar;C:\Users\Admin\.m2\repository\com\aayushatharva\brotli4j\service\1.16.0\service-1.16.0.jar;C:\Users\Admin\.m2\repository\com\aayushatharva\brotli4j\native-windows-x86_64\1.16.0\native-windows-x86_64-1.16.0.jar;C:\Users\Admin\.m2\repository\org\apache\httpcomponents\httpclient\4.5.14\httpclient-4.5.14.jar;C:\Users\Admin\.m2\repository\org\apache\httpcomponents\httpcore\4.4.16\httpcore-4.4.16.jar;C:\Users\Admin\.m2\repository\commons-codec\commons-codec\1.16.1\commons-codec-1.16.1.jar;C:\Users\Admin\.m2\repository\ch\qos\logback\logback-classic\1.5.4\logback-classic-1.5.4.jar;C:\Users\Admin\.m2\repository\ch\qos\logback\logback-core\1.5.4\logback-core-1.5.4.jar;C:\Users\Admin\.m2\repository\org\slf4j\jcl-over-slf4j\2.0.12\jcl-over-slf4j-2.0.12.jar;C:\Users\Admin\.m2\repository\org\slf4j\slf4j-api\2.0.12\slf4j-api-2.0.12.jar;C:\Users\Admin\.m2\repository\org\antlr\antlr4-runtime\4.13.1\antlr4-runtime-4.13.1.jar;C:\Users\Admin\.m2\repository\com\jayway\jsonpath\json-path\2.9.0\json-path-2.9.0.jar;C:\Users\Admin\.m2\repository\net\minidev\json-smart\2.5.1\json-smart-2.5.1.jar;C:\Users\Admin\.m2\repository\net\minidev\accessors-smart\2.5.1\accessors-smart-2.5.1.jar;C:\Users\Admin\.m2\repository\org\ow2\asm\asm\9.6\asm-9.6.jar;C:\Users\Admin\.m2\repository\org\yaml\snakeyaml\2.2\snakeyaml-2.2.jar;C:\Users\Admin\.m2\repository\de\siegmar\fastcsv\3.1.0\fastcsv-3.1.0.jar;C:\Users\Admin\.m2\repository\info\picocli\picocli\4.7.5\picocli-4.7.5.jar;C:\Users\Admin\.m2\repository\io\github\classgraph\classgraph\4.8.170\classgraph-4.8.170.jar;C:\Users\Admin\.m2\repository\io\github\t12y\resemble\1.1.0\resemble-1.1.0.jar;C:\Users\Admin\.m2\repository\io\github\t12y\ssim\1.0.0\ssim-1.0.0.jar;C:\Users\Admin\.m2\repository\org\junit\jupiter\junit-jupiter-api\5.10.2\junit-jupiter-api-5.10.2.jar;C:\Users\Admin\.m2\repository\org\opentest4j\opentest4j\1.3.0\opentest4j-1.3.0.jar;C:\Users\Admin\.m2\repository\org\junit\platform\junit-platform-commons\1.10.2\junit-platform-commons-1.10.2.jar;C:\Users\Admin\.m2\repository\org\apiguardian\apiguardian-api\1.1.2\apiguardian-api-1.1.2.jar;C:\Users\Admin\.m2\repository\org\junit\jupiter\junit-jupiter-engine\5.10.2\junit-jupiter-engine-5.10.2.jar;C:\Users\Admin\.m2\repository\org\junit\platform\junit-platform-engine\1.10.2\junit-platform-engine-1.10.2.jar;"/>
    <property name="sun.cpu.endian" value="little"/>
    <property name="user.home" value="C:\Users\Admin"/>
    <property name="user.language" value="es"/>
    <property name="java.specification.vendor" value="Oracle Corporation"/>
    <property name="java.version.date" value="2024-07-16"/>
    <property name="java.home" value="C:\Program Files\Java\jdk-17"/>
    <property name="file.separator" value="\"/>
    <property name="basedir" value="C:\Users\Admin\Downloads\Capacitacion\CapacitacionKarateTCS1205\CapaKarateTCS1"/>
    <property name="java.vm.compressedOopsMode" value="Zero based"/>
    <property name="line.separator" value="&#10;"/>
    <property name="java.vm.specification.vendor" value="Oracle Corporation"/>
    <property name="java.specification.name" value="Java Platform API Specification"/>
    <property name="karate.options" value="--tags @loginUser"/>
    <property name="surefire.real.class.path" value="C:\Users\Admin\AppData\Local\Temp\surefire49773833463477464\surefirebooter-20250803172055934_3.jar"/>
    <property name="user.script" value=""/>
    <property name="sun.management.compiler" value="HotSpot 64-Bit Tiered Compilers"/>
    <property name="java.runtime.version" value="17.0.12+8-LTS-286"/>
    <property name="user.name" value="Admin"/>
    <property name="path.separator" value=";"/>
    <property name="os.version" value="10.0"/>
    <property name="java.runtime.name" value="Java(TM) SE Runtime Environment"/>
    <property name="file.encoding" value="UTF-8"/>
    <property name="java.vm.name" value="Java HotSpot(TM) 64-Bit Server VM"/>
    <property name="localRepository" value="C:\Users\Admin\.m2\repository"/>
    <property name="java.vendor.url.bug" value="https://bugreport.java.com/bugreport/"/>
    <property name="java.io.tmpdir" value="C:\Users\Admin\AppData\Local\Temp\"/>
    <property name="idea.version" value="2024.3"/>
    <property name="java.version" value="17.0.12"/>
    <property name="user.dir" value="C:\Users\Admin\Downloads\Capacitacion\CapacitacionKarateTCS1205\CapaKarateTCS1"/>
    <property name="os.arch" value="amd64"/>
    <property name="java.vm.specification.name" value="Java Virtual Machine Specification"/>
    <property name="sun.os.patch.level" value=""/>
    <property name="native.encoding" value="Cp1252"/>
    <property name="java.library.path" value="C:\Program Files\Java\jdk-17\bin;C:\WINDOWS\Sun\Java\bin;C:\WINDOWS\system32;C:\WINDOWS;C:\Program Files\Common Files\Oracle\Java\javapath;C:\WINDOWS\system32;C:\WINDOWS;C:\WINDOWS\System32\Wbem;C:\WINDOWS\System32\WindowsPowerShell\v1.0\;C:\WINDOWS\System32\OpenSSH\;C:\Program Files\Java\jdk-17\bin;C:\apache-maven-3.9.5\bin;C:\Program Files\Git\cmd;C:\Users\Admin\AppData\Local\Programs\Python\Python311\Scripts\;C:\Users\Admin\AppData\Local\Programs\Python\Python311\;C:\Users\Admin\AppData\Local\Microsoft\WindowsApps;;C:\Users\Admin\AppData\Local\Programs\Ollama;."/>
    <property name="java.vm.info" value="mixed mode, sharing"/>
    <property name="java.vendor" value="Oracle Corporation"/>
    <property name="java.vm.version" value="17.0.12+8-LTS-286"/>
    <property name="sun.io.unicode.encoding" value="UnicodeLittle"/>
    <property name="java.class.version" value="61.0"/>
  </properties>
  <testcase name="testParallel" classname="features.ExamplesTest" time="7.093">
    <system-out><![CDATA[17:20:57.261 [main] INFO  com.intuit.karate.Runner - using system property 'karate.options': --tags @loginUser
17:20:57.397 [main] INFO  com.intuit.karate.Runner - using system property 'karate.env': cert
17:20:58.428 [main] DEBUG com.intuit.karate.Suite - [config] classpath:karate-config.js
17:20:58.444 [main] DEBUG com.intuit.karate.Suite - waiting for 6 features to complete
17:20:59.954 [pool-2-thread-2] INFO  com.intuit.karate - karate.env system property was: cert 
17:20:59.954 [pool-2-thread-3] INFO  com.intuit.karate - karate.env system property was: cert 
17:20:59.954 [pool-2-thread-4] INFO  com.intuit.karate - karate.env system property was: cert 
17:20:59.954 [pool-2-thread-5] INFO  com.intuit.karate - karate.env system property was: cert 
17:20:59.954 [pool-2-thread-1] INFO  com.intuit.karate - karate.env system property was: cert 
17:21:00.602 [pool-2-thread-3] DEBUG com.intuit.karate - request:
1 > POST https://dummyjson.com/auth/login
1 > Content-Type: application/json; charset=UTF-8
1 > Content-Length: 63
1 > Host: dummyjson.com
1 > Connection: Keep-Alive
1 > User-Agent: Apache-HttpClient/4.5.14 (Java/17.0.12)
1 > Accept-Encoding: gzip,deflate
{"username":"emilys","password":"emilyspass","expiresInMins":1}

17:21:00.602 [pool-2-thread-2] DEBUG com.intuit.karate - request:
1 > POST https://dummyjson.com/auth/login
1 > Content-Type: application/json; charset=UTF-8
1 > Content-Length: 63
1 > Host: dummyjson.com
1 > Connection: Keep-Alive
1 > User-Agent: Apache-HttpClient/4.5.14 (Java/17.0.12)
1 > Accept-Encoding: gzip,deflate
{"username":"emilys","password":"emilyspass","expiresInMins":1}

17:21:00.602 [pool-2-thread-4] DEBUG com.intuit.karate - request:
1 > POST https://dummyjson.com/auth/login
1 > Content-Type: application/json; charset=UTF-8
1 > Content-Length: 63
1 > Host: dummyjson.com
1 > Connection: Keep-Alive
1 > User-Agent: Apache-HttpClient/4.5.14 (Java/17.0.12)
1 > Accept-Encoding: gzip,deflate
{"username":"emilys","password":"emilyspass","expiresInMins":1}

17:21:00.602 [pool-2-thread-1] DEBUG com.intuit.karate - request:
1 > POST https://dummyjson.com/auth/login
1 > Content-Type: application/json; charset=UTF-8
1 > Content-Length: 63
1 > Host: dummyjson.com
1 > Connection: Keep-Alive
1 > User-Agent: Apache-HttpClient/4.5.14 (Java/17.0.12)
1 > Accept-Encoding: gzip,deflate
{"username":"emilys","password":"emilyspass","expiresInMins":1}

17:21:00.602 [pool-2-thread-5] DEBUG com.intuit.karate - request:
1 > POST https://dummyjson.com/auth/login
1 > Content-Type: application/json; charset=UTF-8
1 > Content-Length: 63
1 > Host: dummyjson.com
1 > Connection: Keep-Alive
1 > User-Agent: Apache-HttpClient/4.5.14 (Java/17.0.12)
1 > Accept-Encoding: gzip,deflate
{"username":"emilys","password":"emilyspass","expiresInMins":1}

17:21:01.281 [pool-2-thread-5] DEBUG com.intuit.karate - response time in milliseconds: 672
1 < 200
1 < Access-Control-Allow-Origin: *
1 < Content-Length: 930
1 < Content-Type: application/json; charset=utf-8
1 < Date: Sun, 03 Aug 2025 22:21:01 GMT
1 < Etag: W/"3a2-J2RDjLH+VDTe+Tulz8ULapXqjb0"
1 < Server: railway-edge
1 < Set-Cookie: accessToken=eyJhbGciOiJIUzI1NiIsInR5cCI6IkpXVCJ9.eyJpZCI6MSwidXNlcm5hbWUiOiJlbWlseXMiLCJlbWFpbCI6ImVtaWx5LmpvaG5zb25AeC5kdW1teWpzb24uY29tIiwiZmlyc3ROYW1lIjoiRW1pbHkiLCJsYXN0TmFtZSI6IkpvaG5zb24iLCJnZW5kZXIiOiJmZW1hbGUiLCJpbWFnZSI6Imh0dHBzOi8vZHVtbXlqc29uLmNvbS9pY29uL2VtaWx5cy8xMjgiLCJpYXQiOjE3NTQyNTk2NjEsImV4cCI6MTc1NDI1OTcyMX0.4mjt2qAPkTbt4fH6Soq1LOpTyzAzvk8cUCh5-nqAb2Y; Max-Age=60; Path=/; Expires=Sun, 03 Aug 2025 22:22:01 GMT; HttpOnly; Secure
1 < Set-Cookie: refreshToken=eyJhbGciOiJIUzI1NiIsInR5cCI6IkpXVCJ9.eyJpZCI6MSwidXNlcm5hbWUiOiJlbWlseXMiLCJlbWFpbCI6ImVtaWx5LmpvaG5zb25AeC5kdW1teWpzb24uY29tIiwiZmlyc3ROYW1lIjoiRW1pbHkiLCJsYXN0TmFtZSI6IkpvaG5zb24iLCJnZW5kZXIiOiJmZW1hbGUiLCJpbWFnZSI6Imh0dHBzOi8vZHVtbXlqc29uLmNvbS9pY29uL2VtaWx5cy8xMjgiLCJpYXQiOjE3NTQyNTk2NjEsImV4cCI6MTc1Njg1MTY2MX0.ZlwJW2HSSSeSGQaQ-EL5HC-wk73SlZC0-Mu7GG_mqA0; Max-Age=60; Path=/; Expires=Sun, 03 Aug 2025 22:22:01 GMT; HttpOnly; Secure
1 < Strict-Transport-Security: max-age=15552000; includeSubDomains
1 < Vary: Accept-Encoding
1 < X-Content-Type-Options: nosniff
1 < X-Dns-Prefetch-Control: off
1 < X-Download-Options: noopen
1 < X-Frame-Options: SAMEORIGIN
1 < X-Powered-By: Cats on Keyboards
1 < X-Railway-Edge: railway/us-east4-eqdc4a
1 < X-Railway-Request-Id: Va369q9TQEunMXI9Cx5-qw
1 < X-Ratelimit-Limit: 100
1 < X-Ratelimit-Remaining: 99
1 < X-Ratelimit-Reset: 1754259670
1 < X-Xss-Protection: 1; mode=block
{"accessToken":"eyJhbGciOiJIUzI1NiIsInR5cCI6IkpXVCJ9.eyJpZCI6MSwidXNlcm5hbWUiOiJlbWlseXMiLCJlbWFpbCI6ImVtaWx5LmpvaG5zb25AeC5kdW1teWpzb24uY29tIiwiZmlyc3ROYW1lIjoiRW1pbHkiLCJsYXN0TmFtZSI6IkpvaG5zb24iLCJnZW5kZXIiOiJmZW1hbGUiLCJpbWFnZSI6Imh0dHBzOi8vZHVtbXlqc29uLmNvbS9pY29uL2VtaWx5cy8xMjgiLCJpYXQiOjE3NTQyNTk2NjEsImV4cCI6MTc1NDI1OTcyMX0.4mjt2qAPkTbt4fH6Soq1LOpTyzAzvk8cUCh5-nqAb2Y","refreshToken":"eyJhbGciOiJIUzI1NiIsInR5cCI6IkpXVCJ9.eyJpZCI6MSwidXNlcm5hbWUiOiJlbWlseXMiLCJlbWFpbCI6ImVtaWx5LmpvaG5zb25AeC5kdW1teWpzb24uY29tIiwiZmlyc3ROYW1lIjoiRW1pbHkiLCJsYXN0TmFtZSI6IkpvaG5zb24iLCJnZW5kZXIiOiJmZW1hbGUiLCJpbWFnZSI6Imh0dHBzOi8vZHVtbXlqc29uLmNvbS9pY29uL2VtaWx5cy8xMjgiLCJpYXQiOjE3NTQyNTk2NjEsImV4cCI6MTc1Njg1MTY2MX0.ZlwJW2HSSSeSGQaQ-EL5HC-wk73SlZC0-Mu7GG_mqA0","id":1,"username":"emilys","email":"emily.johnson@x.dummyjson.com","firstName":"Emily","lastName":"Johnson","gender":"female","image":"https://dummyjson.com/icon/emilys/128"}

17:21:01.281 [pool-2-thread-2] DEBUG com.intuit.karate - response time in milliseconds: 673
1 < 200
1 < Access-Control-Allow-Origin: *
1 < Content-Length: 930
1 < Content-Type: application/json; charset=utf-8
1 < Date: Sun, 03 Aug 2025 22:21:01 GMT
1 < Etag: W/"3a2-J2RDjLH+VDTe+Tulz8ULapXqjb0"
1 < Server: railway-edge
1 < Set-Cookie: accessToken=eyJhbGciOiJIUzI1NiIsInR5cCI6IkpXVCJ9.eyJpZCI6MSwidXNlcm5hbWUiOiJlbWlseXMiLCJlbWFpbCI6ImVtaWx5LmpvaG5zb25AeC5kdW1teWpzb24uY29tIiwiZmlyc3ROYW1lIjoiRW1pbHkiLCJsYXN0TmFtZSI6IkpvaG5zb24iLCJnZW5kZXIiOiJmZW1hbGUiLCJpbWFnZSI6Imh0dHBzOi8vZHVtbXlqc29uLmNvbS9pY29uL2VtaWx5cy8xMjgiLCJpYXQiOjE3NTQyNTk2NjEsImV4cCI6MTc1NDI1OTcyMX0.4mjt2qAPkTbt4fH6Soq1LOpTyzAzvk8cUCh5-nqAb2Y; Max-Age=60; Path=/; Expires=Sun, 03 Aug 2025 22:22:01 GMT; HttpOnly; Secure
1 < Set-Cookie: refreshToken=eyJhbGciOiJIUzI1NiIsInR5cCI6IkpXVCJ9.eyJpZCI6MSwidXNlcm5hbWUiOiJlbWlseXMiLCJlbWFpbCI6ImVtaWx5LmpvaG5zb25AeC5kdW1teWpzb24uY29tIiwiZmlyc3ROYW1lIjoiRW1pbHkiLCJsYXN0TmFtZSI6IkpvaG5zb24iLCJnZW5kZXIiOiJmZW1hbGUiLCJpbWFnZSI6Imh0dHBzOi8vZHVtbXlqc29uLmNvbS9pY29uL2VtaWx5cy8xMjgiLCJpYXQiOjE3NTQyNTk2NjEsImV4cCI6MTc1Njg1MTY2MX0.ZlwJW2HSSSeSGQaQ-EL5HC-wk73SlZC0-Mu7GG_mqA0; Max-Age=60; Path=/; Expires=Sun, 03 Aug 2025 22:22:01 GMT; HttpOnly; Secure
1 < Strict-Transport-Security: max-age=15552000; includeSubDomains
1 < Vary: Accept-Encoding
1 < X-Content-Type-Options: nosniff
1 < X-Dns-Prefetch-Control: off
1 < X-Download-Options: noopen
1 < X-Frame-Options: SAMEORIGIN
1 < X-Powered-By: Cats on Keyboards
1 < X-Railway-Edge: railway/us-east4-eqdc4a
1 < X-Railway-Request-Id: u2ymtLfqTQy3Hr0mAax-fw
1 < X-Ratelimit-Limit: 100
1 < X-Ratelimit-Remaining: 99
1 < X-Ratelimit-Reset: 1754259668
1 < X-Xss-Protection: 1; mode=block
{"accessToken":"eyJhbGciOiJIUzI1NiIsInR5cCI6IkpXVCJ9.eyJpZCI6MSwidXNlcm5hbWUiOiJlbWlseXMiLCJlbWFpbCI6ImVtaWx5LmpvaG5zb25AeC5kdW1teWpzb24uY29tIiwiZmlyc3ROYW1lIjoiRW1pbHkiLCJsYXN0TmFtZSI6IkpvaG5zb24iLCJnZW5kZXIiOiJmZW1hbGUiLCJpbWFnZSI6Imh0dHBzOi8vZHVtbXlqc29uLmNvbS9pY29uL2VtaWx5cy8xMjgiLCJpYXQiOjE3NTQyNTk2NjEsImV4cCI6MTc1NDI1OTcyMX0.4mjt2qAPkTbt4fH6Soq1LOpTyzAzvk8cUCh5-nqAb2Y","refreshToken":"eyJhbGciOiJIUzI1NiIsInR5cCI6IkpXVCJ9.eyJpZCI6MSwidXNlcm5hbWUiOiJlbWlseXMiLCJlbWFpbCI6ImVtaWx5LmpvaG5zb25AeC5kdW1teWpzb24uY29tIiwiZmlyc3ROYW1lIjoiRW1pbHkiLCJsYXN0TmFtZSI6IkpvaG5zb24iLCJnZW5kZXIiOiJmZW1hbGUiLCJpbWFnZSI6Imh0dHBzOi8vZHVtbXlqc29uLmNvbS9pY29uL2VtaWx5cy8xMjgiLCJpYXQiOjE3NTQyNTk2NjEsImV4cCI6MTc1Njg1MTY2MX0.ZlwJW2HSSSeSGQaQ-EL5HC-wk73SlZC0-Mu7GG_mqA0","id":1,"username":"emilys","email":"emily.johnson@x.dummyjson.com","firstName":"Emily","lastName":"Johnson","gender":"female","image":"https://dummyjson.com/icon/emilys/128"}

17:21:01.281 [pool-2-thread-3] DEBUG com.intuit.karate - response time in milliseconds: 673
1 < 200
1 < Access-Control-Allow-Origin: *
1 < Content-Length: 930
1 < Content-Type: application/json; charset=utf-8
1 < Date: Sun, 03 Aug 2025 22:21:01 GMT
1 < Etag: W/"3a2-J2RDjLH+VDTe+Tulz8ULapXqjb0"
1 < Server: railway-edge
1 < Set-Cookie: accessToken=eyJhbGciOiJIUzI1NiIsInR5cCI6IkpXVCJ9.eyJpZCI6MSwidXNlcm5hbWUiOiJlbWlseXMiLCJlbWFpbCI6ImVtaWx5LmpvaG5zb25AeC5kdW1teWpzb24uY29tIiwiZmlyc3ROYW1lIjoiRW1pbHkiLCJsYXN0TmFtZSI6IkpvaG5zb24iLCJnZW5kZXIiOiJmZW1hbGUiLCJpbWFnZSI6Imh0dHBzOi8vZHVtbXlqc29uLmNvbS9pY29uL2VtaWx5cy8xMjgiLCJpYXQiOjE3NTQyNTk2NjEsImV4cCI6MTc1NDI1OTcyMX0.4mjt2qAPkTbt4fH6Soq1LOpTyzAzvk8cUCh5-nqAb2Y; Max-Age=60; Path=/; Expires=Sun, 03 Aug 2025 22:22:01 GMT; HttpOnly; Secure
1 < Set-Cookie: refreshToken=eyJhbGciOiJIUzI1NiIsInR5cCI6IkpXVCJ9.eyJpZCI6MSwidXNlcm5hbWUiOiJlbWlseXMiLCJlbWFpbCI6ImVtaWx5LmpvaG5zb25AeC5kdW1teWpzb24uY29tIiwiZmlyc3ROYW1lIjoiRW1pbHkiLCJsYXN0TmFtZSI6IkpvaG5zb24iLCJnZW5kZXIiOiJmZW1hbGUiLCJpbWFnZSI6Imh0dHBzOi8vZHVtbXlqc29uLmNvbS9pY29uL2VtaWx5cy8xMjgiLCJpYXQiOjE3NTQyNTk2NjEsImV4cCI6MTc1Njg1MTY2MX0.ZlwJW2HSSSeSGQaQ-EL5HC-wk73SlZC0-Mu7GG_mqA0; Max-Age=60; Path=/; Expires=Sun, 03 Aug 2025 22:22:01 GMT; HttpOnly; Secure
1 < Strict-Transport-Security: max-age=15552000; includeSubDomains
1 < Vary: Accept-Encoding
1 < X-Content-Type-Options: nosniff
1 < X-Dns-Prefetch-Control: off
1 < X-Download-Options: noopen
1 < X-Frame-Options: SAMEORIGIN
1 < X-Powered-By: Cats on Keyboards
1 < X-Railway-Edge: railway/us-east4-eqdc4a
1 < X-Railway-Request-Id: iRERFRxOSX6IEjKTAax-fw
1 < X-Ratelimit-Limit: 100
1 < X-Ratelimit-Remaining: 99
1 < X-Ratelimit-Reset: 1754259668
1 < X-Xss-Protection: 1; mode=block
{"accessToken":"eyJhbGciOiJIUzI1NiIsInR5cCI6IkpXVCJ9.eyJpZCI6MSwidXNlcm5hbWUiOiJlbWlseXMiLCJlbWFpbCI6ImVtaWx5LmpvaG5zb25AeC5kdW1teWpzb24uY29tIiwiZmlyc3ROYW1lIjoiRW1pbHkiLCJsYXN0TmFtZSI6IkpvaG5zb24iLCJnZW5kZXIiOiJmZW1hbGUiLCJpbWFnZSI6Imh0dHBzOi8vZHVtbXlqc29uLmNvbS9pY29uL2VtaWx5cy8xMjgiLCJpYXQiOjE3NTQyNTk2NjEsImV4cCI6MTc1NDI1OTcyMX0.4mjt2qAPkTbt4fH6Soq1LOpTyzAzvk8cUCh5-nqAb2Y","refreshToken":"eyJhbGciOiJIUzI1NiIsInR5cCI6IkpXVCJ9.eyJpZCI6MSwidXNlcm5hbWUiOiJlbWlseXMiLCJlbWFpbCI6ImVtaWx5LmpvaG5zb25AeC5kdW1teWpzb24uY29tIiwiZmlyc3ROYW1lIjoiRW1pbHkiLCJsYXN0TmFtZSI6IkpvaG5zb24iLCJnZW5kZXIiOiJmZW1hbGUiLCJpbWFnZSI6Imh0dHBzOi8vZHVtbXlqc29uLmNvbS9pY29uL2VtaWx5cy8xMjgiLCJpYXQiOjE3NTQyNTk2NjEsImV4cCI6MTc1Njg1MTY2MX0.ZlwJW2HSSSeSGQaQ-EL5HC-wk73SlZC0-Mu7GG_mqA0","id":1,"username":"emilys","email":"emily.johnson@x.dummyjson.com","firstName":"Emily","lastName":"Johnson","gender":"female","image":"https://dummyjson.com/icon/emilys/128"}

17:21:01.281 [pool-2-thread-4] DEBUG com.intuit.karate - response time in milliseconds: 672
1 < 200
1 < Access-Control-Allow-Origin: *
1 < Content-Length: 930
1 < Content-Type: application/json; charset=utf-8
1 < Date: Sun, 03 Aug 2025 22:21:01 GMT
1 < Etag: W/"3a2-J2RDjLH+VDTe+Tulz8ULapXqjb0"
1 < Server: railway-edge
1 < Set-Cookie: accessToken=eyJhbGciOiJIUzI1NiIsInR5cCI6IkpXVCJ9.eyJpZCI6MSwidXNlcm5hbWUiOiJlbWlseXMiLCJlbWFpbCI6ImVtaWx5LmpvaG5zb25AeC5kdW1teWpzb24uY29tIiwiZmlyc3ROYW1lIjoiRW1pbHkiLCJsYXN0TmFtZSI6IkpvaG5zb24iLCJnZW5kZXIiOiJmZW1hbGUiLCJpbWFnZSI6Imh0dHBzOi8vZHVtbXlqc29uLmNvbS9pY29uL2VtaWx5cy8xMjgiLCJpYXQiOjE3NTQyNTk2NjEsImV4cCI6MTc1NDI1OTcyMX0.4mjt2qAPkTbt4fH6Soq1LOpTyzAzvk8cUCh5-nqAb2Y; Max-Age=60; Path=/; Expires=Sun, 03 Aug 2025 22:22:01 GMT; HttpOnly; Secure
1 < Set-Cookie: refreshToken=eyJhbGciOiJIUzI1NiIsInR5cCI6IkpXVCJ9.eyJpZCI6MSwidXNlcm5hbWUiOiJlbWlseXMiLCJlbWFpbCI6ImVtaWx5LmpvaG5zb25AeC5kdW1teWpzb24uY29tIiwiZmlyc3ROYW1lIjoiRW1pbHkiLCJsYXN0TmFtZSI6IkpvaG5zb24iLCJnZW5kZXIiOiJmZW1hbGUiLCJpbWFnZSI6Imh0dHBzOi8vZHVtbXlqc29uLmNvbS9pY29uL2VtaWx5cy8xMjgiLCJpYXQiOjE3NTQyNTk2NjEsImV4cCI6MTc1Njg1MTY2MX0.ZlwJW2HSSSeSGQaQ-EL5HC-wk73SlZC0-Mu7GG_mqA0; Max-Age=60; Path=/; Expires=Sun, 03 Aug 2025 22:22:01 GMT; HttpOnly; Secure
1 < Strict-Transport-Security: max-age=15552000; includeSubDomains
1 < Vary: Accept-Encoding
1 < X-Content-Type-Options: nosniff
1 < X-Dns-Prefetch-Control: off
1 < X-Download-Options: noopen
1 < X-Frame-Options: SAMEORIGIN
1 < X-Powered-By: Cats on Keyboards
1 < X-Railway-Edge: railway/us-east4-eqdc4a
1 < X-Railway-Request-Id: xMcZ2ObPRZaTsWnNAax-fw
1 < X-Ratelimit-Limit: 100
1 < X-Ratelimit-Remaining: 98
1 < X-Ratelimit-Reset: 1754259670
1 < X-Xss-Protection: 1; mode=block
{"accessToken":"eyJhbGciOiJIUzI1NiIsInR5cCI6IkpXVCJ9.eyJpZCI6MSwidXNlcm5hbWUiOiJlbWlseXMiLCJlbWFpbCI6ImVtaWx5LmpvaG5zb25AeC5kdW1teWpzb24uY29tIiwiZmlyc3ROYW1lIjoiRW1pbHkiLCJsYXN0TmFtZSI6IkpvaG5zb24iLCJnZW5kZXIiOiJmZW1hbGUiLCJpbWFnZSI6Imh0dHBzOi8vZHVtbXlqc29uLmNvbS9pY29uL2VtaWx5cy8xMjgiLCJpYXQiOjE3NTQyNTk2NjEsImV4cCI6MTc1NDI1OTcyMX0.4mjt2qAPkTbt4fH6Soq1LOpTyzAzvk8cUCh5-nqAb2Y","refreshToken":"eyJhbGciOiJIUzI1NiIsInR5cCI6IkpXVCJ9.eyJpZCI6MSwidXNlcm5hbWUiOiJlbWlseXMiLCJlbWFpbCI6ImVtaWx5LmpvaG5zb25AeC5kdW1teWpzb24uY29tIiwiZmlyc3ROYW1lIjoiRW1pbHkiLCJsYXN0TmFtZSI6IkpvaG5zb24iLCJnZW5kZXIiOiJmZW1hbGUiLCJpbWFnZSI6Imh0dHBzOi8vZHVtbXlqc29uLmNvbS9pY29uL2VtaWx5cy8xMjgiLCJpYXQiOjE3NTQyNTk2NjEsImV4cCI6MTc1Njg1MTY2MX0.ZlwJW2HSSSeSGQaQ-EL5HC-wk73SlZC0-Mu7GG_mqA0","id":1,"username":"emilys","email":"emily.johnson@x.dummyjson.com","firstName":"Emily","lastName":"Johnson","gender":"female","image":"https://dummyjson.com/icon/emilys/128"}

17:21:01.281 [pool-2-thread-1] DEBUG com.intuit.karate - response time in milliseconds: 672
1 < 200
1 < Access-Control-Allow-Origin: *
1 < Content-Length: 930
1 < Content-Type: application/json; charset=utf-8
1 < Date: Sun, 03 Aug 2025 22:21:01 GMT
1 < Etag: W/"3a2-J2RDjLH+VDTe+Tulz8ULapXqjb0"
1 < Server: railway-edge
1 < Set-Cookie: accessToken=eyJhbGciOiJIUzI1NiIsInR5cCI6IkpXVCJ9.eyJpZCI6MSwidXNlcm5hbWUiOiJlbWlseXMiLCJlbWFpbCI6ImVtaWx5LmpvaG5zb25AeC5kdW1teWpzb24uY29tIiwiZmlyc3ROYW1lIjoiRW1pbHkiLCJsYXN0TmFtZSI6IkpvaG5zb24iLCJnZW5kZXIiOiJmZW1hbGUiLCJpbWFnZSI6Imh0dHBzOi8vZHVtbXlqc29uLmNvbS9pY29uL2VtaWx5cy8xMjgiLCJpYXQiOjE3NTQyNTk2NjEsImV4cCI6MTc1NDI1OTcyMX0.4mjt2qAPkTbt4fH6Soq1LOpTyzAzvk8cUCh5-nqAb2Y; Max-Age=60; Path=/; Expires=Sun, 03 Aug 2025 22:22:01 GMT; HttpOnly; Secure
1 < Set-Cookie: refreshToken=eyJhbGciOiJIUzI1NiIsInR5cCI6IkpXVCJ9.eyJpZCI6MSwidXNlcm5hbWUiOiJlbWlseXMiLCJlbWFpbCI6ImVtaWx5LmpvaG5zb25AeC5kdW1teWpzb24uY29tIiwiZmlyc3ROYW1lIjoiRW1pbHkiLCJsYXN0TmFtZSI6IkpvaG5zb24iLCJnZW5kZXIiOiJmZW1hbGUiLCJpbWFnZSI6Imh0dHBzOi8vZHVtbXlqc29uLmNvbS9pY29uL2VtaWx5cy8xMjgiLCJpYXQiOjE3NTQyNTk2NjEsImV4cCI6MTc1Njg1MTY2MX0.ZlwJW2HSSSeSGQaQ-EL5HC-wk73SlZC0-Mu7GG_mqA0; Max-Age=60; Path=/; Expires=Sun, 03 Aug 2025 22:22:01 GMT; HttpOnly; Secure
1 < Strict-Transport-Security: max-age=15552000; includeSubDomains
1 < Vary: Accept-Encoding
1 < X-Content-Type-Options: nosniff
1 < X-Dns-Prefetch-Control: off
1 < X-Download-Options: noopen
1 < X-Frame-Options: SAMEORIGIN
1 < X-Powered-By: Cats on Keyboards
1 < X-Railway-Edge: railway/us-east4-eqdc4a
1 < X-Railway-Request-Id: dfK4vi9FTQWwGBtZg4a9AQ
1 < X-Ratelimit-Limit: 100
1 < X-Ratelimit-Remaining: 99
1 < X-Ratelimit-Reset: 1754259664
1 < X-Xss-Protection: 1; mode=block
{"accessToken":"eyJhbGciOiJIUzI1NiIsInR5cCI6IkpXVCJ9.eyJpZCI6MSwidXNlcm5hbWUiOiJlbWlseXMiLCJlbWFpbCI6ImVtaWx5LmpvaG5zb25AeC5kdW1teWpzb24uY29tIiwiZmlyc3ROYW1lIjoiRW1pbHkiLCJsYXN0TmFtZSI6IkpvaG5zb24iLCJnZW5kZXIiOiJmZW1hbGUiLCJpbWFnZSI6Imh0dHBzOi8vZHVtbXlqc29uLmNvbS9pY29uL2VtaWx5cy8xMjgiLCJpYXQiOjE3NTQyNTk2NjEsImV4cCI6MTc1NDI1OTcyMX0.4mjt2qAPkTbt4fH6Soq1LOpTyzAzvk8cUCh5-nqAb2Y","refreshToken":"eyJhbGciOiJIUzI1NiIsInR5cCI6IkpXVCJ9.eyJpZCI6MSwidXNlcm5hbWUiOiJlbWlseXMiLCJlbWFpbCI6ImVtaWx5LmpvaG5zb25AeC5kdW1teWpzb24uY29tIiwiZmlyc3ROYW1lIjoiRW1pbHkiLCJsYXN0TmFtZSI6IkpvaG5zb24iLCJnZW5kZXIiOiJmZW1hbGUiLCJpbWFnZSI6Imh0dHBzOi8vZHVtbXlqc29uLmNvbS9pY29uL2VtaWx5cy8xMjgiLCJpYXQiOjE3NTQyNTk2NjEsImV4cCI6MTc1Njg1MTY2MX0.ZlwJW2HSSSeSGQaQ-EL5HC-wk73SlZC0-Mu7GG_mqA0","id":1,"username":"emilys","email":"emily.johnson@x.dummyjson.com","firstName":"Emily","lastName":"Johnson","gender":"female","image":"https://dummyjson.com/icon/emilys/128"}

17:21:01.291 [pool-2-thread-4] INFO  com.intuit.karate - [print] Token:  {
  "accessToken": "eyJhbGciOiJIUzI1NiIsInR5cCI6IkpXVCJ9.eyJpZCI6MSwidXNlcm5hbWUiOiJlbWlseXMiLCJlbWFpbCI6ImVtaWx5LmpvaG5zb25AeC5kdW1teWpzb24uY29tIiwiZmlyc3ROYW1lIjoiRW1pbHkiLCJsYXN0TmFtZSI6IkpvaG5zb24iLCJnZW5kZXIiOiJmZW1hbGUiLCJpbWFnZSI6Imh0dHBzOi8vZHVtbXlqc29uLmNvbS9pY29uL2VtaWx5cy8xMjgiLCJpYXQiOjE3NTQyNTk2NjEsImV4cCI6MTc1NDI1OTcyMX0.4mjt2qAPkTbt4fH6Soq1LOpTyzAzvk8cUCh5-nqAb2Y",
  "refreshToken": "eyJhbGciOiJIUzI1NiIsInR5cCI6IkpXVCJ9.eyJpZCI6MSwidXNlcm5hbWUiOiJlbWlseXMiLCJlbWFpbCI6ImVtaWx5LmpvaG5zb25AeC5kdW1teWpzb24uY29tIiwiZmlyc3ROYW1lIjoiRW1pbHkiLCJsYXN0TmFtZSI6IkpvaG5zb24iLCJnZW5kZXIiOiJmZW1hbGUiLCJpbWFnZSI6Imh0dHBzOi8vZHVtbXlqc29uLmNvbS9pY29uL2VtaWx5cy8xMjgiLCJpYXQiOjE3NTQyNTk2NjEsImV4cCI6MTc1Njg1MTY2MX0.ZlwJW2HSSSeSGQaQ-EL5HC-wk73SlZC0-Mu7GG_mqA0",
  "id": 1,
  "username": "emilys",
  "email": "emily.johnson@x.dummyjson.com",
  "firstName": "Emily",
  "lastName": "Johnson",
  "gender": "female",
  "image": "https://dummyjson.com/icon/emilys/128"
}
 
17:21:01.291 [pool-2-thread-3] INFO  com.intuit.karate - [print] Token:  {
  "accessToken": "eyJhbGciOiJIUzI1NiIsInR5cCI6IkpXVCJ9.eyJpZCI6MSwidXNlcm5hbWUiOiJlbWlseXMiLCJlbWFpbCI6ImVtaWx5LmpvaG5zb25AeC5kdW1teWpzb24uY29tIiwiZmlyc3ROYW1lIjoiRW1pbHkiLCJsYXN0TmFtZSI6IkpvaG5zb24iLCJnZW5kZXIiOiJmZW1hbGUiLCJpbWFnZSI6Imh0dHBzOi8vZHVtbXlqc29uLmNvbS9pY29uL2VtaWx5cy8xMjgiLCJpYXQiOjE3NTQyNTk2NjEsImV4cCI6MTc1NDI1OTcyMX0.4mjt2qAPkTbt4fH6Soq1LOpTyzAzvk8cUCh5-nqAb2Y",
  "refreshToken": "eyJhbGciOiJIUzI1NiIsInR5cCI6IkpXVCJ9.eyJpZCI6MSwidXNlcm5hbWUiOiJlbWlseXMiLCJlbWFpbCI6ImVtaWx5LmpvaG5zb25AeC5kdW1teWpzb24uY29tIiwiZmlyc3ROYW1lIjoiRW1pbHkiLCJsYXN0TmFtZSI6IkpvaG5zb24iLCJnZW5kZXIiOiJmZW1hbGUiLCJpbWFnZSI6Imh0dHBzOi8vZHVtbXlqc29uLmNvbS9pY29uL2VtaWx5cy8xMjgiLCJpYXQiOjE3NTQyNTk2NjEsImV4cCI6MTc1Njg1MTY2MX0.ZlwJW2HSSSeSGQaQ-EL5HC-wk73SlZC0-Mu7GG_mqA0",
  "id": 1,
  "username": "emilys",
  "email": "emily.johnson@x.dummyjson.com",
  "firstName": "Emily",
  "lastName": "Johnson",
  "gender": "female",
  "image": "https://dummyjson.com/icon/emilys/128"
}
 
17:21:01.291 [pool-2-thread-5] INFO  com.intuit.karate - [print] Token:  {
  "accessToken": "eyJhbGciOiJIUzI1NiIsInR5cCI6IkpXVCJ9.eyJpZCI6MSwidXNlcm5hbWUiOiJlbWlseXMiLCJlbWFpbCI6ImVtaWx5LmpvaG5zb25AeC5kdW1teWpzb24uY29tIiwiZmlyc3ROYW1lIjoiRW1pbHkiLCJsYXN0TmFtZSI6IkpvaG5zb24iLCJnZW5kZXIiOiJmZW1hbGUiLCJpbWFnZSI6Imh0dHBzOi8vZHVtbXlqc29uLmNvbS9pY29uL2VtaWx5cy8xMjgiLCJpYXQiOjE3NTQyNTk2NjEsImV4cCI6MTc1NDI1OTcyMX0.4mjt2qAPkTbt4fH6Soq1LOpTyzAzvk8cUCh5-nqAb2Y",
  "refreshToken": "eyJhbGciOiJIUzI1NiIsInR5cCI6IkpXVCJ9.eyJpZCI6MSwidXNlcm5hbWUiOiJlbWlseXMiLCJlbWFpbCI6ImVtaWx5LmpvaG5zb25AeC5kdW1teWpzb24uY29tIiwiZmlyc3ROYW1lIjoiRW1pbHkiLCJsYXN0TmFtZSI6IkpvaG5zb24iLCJnZW5kZXIiOiJmZW1hbGUiLCJpbWFnZSI6Imh0dHBzOi8vZHVtbXlqc29uLmNvbS9pY29uL2VtaWx5cy8xMjgiLCJpYXQiOjE3NTQyNTk2NjEsImV4cCI6MTc1Njg1MTY2MX0.ZlwJW2HSSSeSGQaQ-EL5HC-wk73SlZC0-Mu7GG_mqA0",
  "id": 1,
  "username": "emilys",
  "email": "emily.johnson@x.dummyjson.com",
  "firstName": "Emily",
  "lastName": "Johnson",
  "gender": "female",
  "image": "https://dummyjson.com/icon/emilys/128"
}
 
17:21:01.291 [pool-2-thread-2] INFO  com.intuit.karate - [print] Token:  {
  "accessToken": "eyJhbGciOiJIUzI1NiIsInR5cCI6IkpXVCJ9.eyJpZCI6MSwidXNlcm5hbWUiOiJlbWlseXMiLCJlbWFpbCI6ImVtaWx5LmpvaG5zb25AeC5kdW1teWpzb24uY29tIiwiZmlyc3ROYW1lIjoiRW1pbHkiLCJsYXN0TmFtZSI6IkpvaG5zb24iLCJnZW5kZXIiOiJmZW1hbGUiLCJpbWFnZSI6Imh0dHBzOi8vZHVtbXlqc29uLmNvbS9pY29uL2VtaWx5cy8xMjgiLCJpYXQiOjE3NTQyNTk2NjEsImV4cCI6MTc1NDI1OTcyMX0.4mjt2qAPkTbt4fH6Soq1LOpTyzAzvk8cUCh5-nqAb2Y",
  "refreshToken": "eyJhbGciOiJIUzI1NiIsInR5cCI6IkpXVCJ9.eyJpZCI6MSwidXNlcm5hbWUiOiJlbWlseXMiLCJlbWFpbCI6ImVtaWx5LmpvaG5zb25AeC5kdW1teWpzb24uY29tIiwiZmlyc3ROYW1lIjoiRW1pbHkiLCJsYXN0TmFtZSI6IkpvaG5zb24iLCJnZW5kZXIiOiJmZW1hbGUiLCJpbWFnZSI6Imh0dHBzOi8vZHVtbXlqc29uLmNvbS9pY29uL2VtaWx5cy8xMjgiLCJpYXQiOjE3NTQyNTk2NjEsImV4cCI6MTc1Njg1MTY2MX0.ZlwJW2HSSSeSGQaQ-EL5HC-wk73SlZC0-Mu7GG_mqA0",
  "id": 1,
  "username": "emilys",
  "email": "emily.johnson@x.dummyjson.com",
  "firstName": "Emily",
  "lastName": "Johnson",
  "gender": "female",
  "image": "https://dummyjson.com/icon/emilys/128"
}
 
17:21:01.291 [pool-2-thread-1] INFO  com.intuit.karate - [print] Token:  {
  "accessToken": "eyJhbGciOiJIUzI1NiIsInR5cCI6IkpXVCJ9.eyJpZCI6MSwidXNlcm5hbWUiOiJlbWlseXMiLCJlbWFpbCI6ImVtaWx5LmpvaG5zb25AeC5kdW1teWpzb24uY29tIiwiZmlyc3ROYW1lIjoiRW1pbHkiLCJsYXN0TmFtZSI6IkpvaG5zb24iLCJnZW5kZXIiOiJmZW1hbGUiLCJpbWFnZSI6Imh0dHBzOi8vZHVtbXlqc29uLmNvbS9pY29uL2VtaWx5cy8xMjgiLCJpYXQiOjE3NTQyNTk2NjEsImV4cCI6MTc1NDI1OTcyMX0.4mjt2qAPkTbt4fH6Soq1LOpTyzAzvk8cUCh5-nqAb2Y",
  "refreshToken": "eyJhbGciOiJIUzI1NiIsInR5cCI6IkpXVCJ9.eyJpZCI6MSwidXNlcm5hbWUiOiJlbWlseXMiLCJlbWFpbCI6ImVtaWx5LmpvaG5zb25AeC5kdW1teWpzb24uY29tIiwiZmlyc3ROYW1lIjoiRW1pbHkiLCJsYXN0TmFtZSI6IkpvaG5zb24iLCJnZW5kZXIiOiJmZW1hbGUiLCJpbWFnZSI6Imh0dHBzOi8vZHVtbXlqc29uLmNvbS9pY29uL2VtaWx5cy8xMjgiLCJpYXQiOjE3NTQyNTk2NjEsImV4cCI6MTc1Njg1MTY2MX0.ZlwJW2HSSSeSGQaQ-EL5HC-wk73SlZC0-Mu7GG_mqA0",
  "id": 1,
  "username": "emilys",
  "email": "emily.johnson@x.dummyjson.com",
  "firstName": "Emily",
  "lastName": "Johnson",
  "gender": "female",
  "image": "https://dummyjson.com/icon/emilys/128"
}
 
17:21:01.296 [pool-2-thread-3] INFO  com.intuit.karate - [print] access_token:  eyJhbGciOiJIUzI1NiIsInR5cCI6IkpXVCJ9.eyJpZCI6MSwidXNlcm5hbWUiOiJlbWlseXMiLCJlbWFpbCI6ImVtaWx5LmpvaG5zb25AeC5kdW1teWpzb24uY29tIiwiZmlyc3ROYW1lIjoiRW1pbHkiLCJsYXN0TmFtZSI6IkpvaG5zb24iLCJnZW5kZXIiOiJmZW1hbGUiLCJpbWFnZSI6Imh0dHBzOi8vZHVtbXlqc29uLmNvbS9pY29uL2VtaWx5cy8xMjgiLCJpYXQiOjE3NTQyNTk2NjEsImV4cCI6MTc1NDI1OTcyMX0.4mjt2qAPkTbt4fH6Soq1LOpTyzAzvk8cUCh5-nqAb2Y 
17:21:01.296 [pool-2-thread-2] INFO  com.intuit.karate - [print] access_token:  eyJhbGciOiJIUzI1NiIsInR5cCI6IkpXVCJ9.eyJpZCI6MSwidXNlcm5hbWUiOiJlbWlseXMiLCJlbWFpbCI6ImVtaWx5LmpvaG5zb25AeC5kdW1teWpzb24uY29tIiwiZmlyc3ROYW1lIjoiRW1pbHkiLCJsYXN0TmFtZSI6IkpvaG5zb24iLCJnZW5kZXIiOiJmZW1hbGUiLCJpbWFnZSI6Imh0dHBzOi8vZHVtbXlqc29uLmNvbS9pY29uL2VtaWx5cy8xMjgiLCJpYXQiOjE3NTQyNTk2NjEsImV4cCI6MTc1NDI1OTcyMX0.4mjt2qAPkTbt4fH6Soq1LOpTyzAzvk8cUCh5-nqAb2Y 
17:21:01.296 [pool-2-thread-5] INFO  com.intuit.karate - [print] access_token:  eyJhbGciOiJIUzI1NiIsInR5cCI6IkpXVCJ9.eyJpZCI6MSwidXNlcm5hbWUiOiJlbWlseXMiLCJlbWFpbCI6ImVtaWx5LmpvaG5zb25AeC5kdW1teWpzb24uY29tIiwiZmlyc3ROYW1lIjoiRW1pbHkiLCJsYXN0TmFtZSI6IkpvaG5zb24iLCJnZW5kZXIiOiJmZW1hbGUiLCJpbWFnZSI6Imh0dHBzOi8vZHVtbXlqc29uLmNvbS9pY29uL2VtaWx5cy8xMjgiLCJpYXQiOjE3NTQyNTk2NjEsImV4cCI6MTc1NDI1OTcyMX0.4mjt2qAPkTbt4fH6Soq1LOpTyzAzvk8cUCh5-nqAb2Y 
17:21:01.296 [pool-2-thread-1] INFO  com.intuit.karate - [print] access_token:  eyJhbGciOiJIUzI1NiIsInR5cCI6IkpXVCJ9.eyJpZCI6MSwidXNlcm5hbWUiOiJlbWlseXMiLCJlbWFpbCI6ImVtaWx5LmpvaG5zb25AeC5kdW1teWpzb24uY29tIiwiZmlyc3ROYW1lIjoiRW1pbHkiLCJsYXN0TmFtZSI6IkpvaG5zb24iLCJnZW5kZXIiOiJmZW1hbGUiLCJpbWFnZSI6Imh0dHBzOi8vZHVtbXlqc29uLmNvbS9pY29uL2VtaWx5cy8xMjgiLCJpYXQiOjE3NTQyNTk2NjEsImV4cCI6MTc1NDI1OTcyMX0.4mjt2qAPkTbt4fH6Soq1LOpTyzAzvk8cUCh5-nqAb2Y 
17:21:01.296 [pool-2-thread-4] INFO  com.intuit.karate - [print] access_token:  eyJhbGciOiJIUzI1NiIsInR5cCI6IkpXVCJ9.eyJpZCI6MSwidXNlcm5hbWUiOiJlbWlseXMiLCJlbWFpbCI6ImVtaWx5LmpvaG5zb25AeC5kdW1teWpzb24uY29tIiwiZmlyc3ROYW1lIjoiRW1pbHkiLCJsYXN0TmFtZSI6IkpvaG5zb24iLCJnZW5kZXIiOiJmZW1hbGUiLCJpbWFnZSI6Imh0dHBzOi8vZHVtbXlqc29uLmNvbS9pY29uL2VtaWx5cy8xMjgiLCJpYXQiOjE3NTQyNTk2NjEsImV4cCI6MTc1NDI1OTcyMX0.4mjt2qAPkTbt4fH6Soq1LOpTyzAzvk8cUCh5-nqAb2Y 
17:21:01.308 [pool-2-thread-2] DEBUG com.intuit.karate - request:
1 > GET https://dummyjson.com/auth/me
1 > Authorization: eyJhbGciOiJIUzI1NiIsInR5cCI6IkpXVCJ9.eyJpZCI6MSwidXNlcm5hbWUiOiJlbWlseXMiLCJlbWFpbCI6ImVtaWx5LmpvaG5zb25AeC5kdW1teWpzb24uY29tIiwiZmlyc3ROYW1lIjoiRW1pbHkiLCJsYXN0TmFtZSI6IkpvaG5zb24iLCJnZW5kZXIiOiJmZW1hbGUiLCJpbWFnZSI6Imh0dHBzOi8vZHVtbXlqc29uLmNvbS9pY29uL2VtaWx5cy8xMjgiLCJpYXQiOjE3NTQyNTk2NjEsImV4cCI6MTc1NDI1OTcyMX0.4mjt2qAPkTbt4fH6Soq1LOpTyzAzvk8cUCh5-nqAb2Y
1 > Host: dummyjson.com
1 > Connection: Keep-Alive
1 > User-Agent: Apache-HttpClient/4.5.14 (Java/17.0.12)
1 > Accept-Encoding: gzip,deflate


17:21:01.308 [pool-2-thread-1] DEBUG com.intuit.karate - request:
1 > GET https://dummyjson.com/auth/me
1 > Authorization: eyJhbGciOiJIUzI1NiIsInR5cCI6IkpXVCJ9.eyJpZCI6MSwidXNlcm5hbWUiOiJlbWlseXMiLCJlbWFpbCI6ImVtaWx5LmpvaG5zb25AeC5kdW1teWpzb24uY29tIiwiZmlyc3ROYW1lIjoiRW1pbHkiLCJsYXN0TmFtZSI6IkpvaG5zb24iLCJnZW5kZXIiOiJmZW1hbGUiLCJpbWFnZSI6Imh0dHBzOi8vZHVtbXlqc29uLmNvbS9pY29uL2VtaWx5cy8xMjgiLCJpYXQiOjE3NTQyNTk2NjEsImV4cCI6MTc1NDI1OTcyMX0.4mjt2qAPkTbt4fH6Soq1LOpTyzAzvk8cUCh5-nqAb2Y
1 > Host: dummyjson.com
1 > Connection: Keep-Alive
1 > User-Agent: Apache-HttpClient/4.5.14 (Java/17.0.12)
1 > Accept-Encoding: gzip,deflate


17:21:01.308 [pool-2-thread-4] DEBUG com.intuit.karate - request:
1 > GET https://dummyjson.com/auth/me
1 > Authorization: eyJhbGciOiJIUzI1NiIsInR5cCI6IkpXVCJ9.eyJpZCI6MSwidXNlcm5hbWUiOiJlbWlseXMiLCJlbWFpbCI6ImVtaWx5LmpvaG5zb25AeC5kdW1teWpzb24uY29tIiwiZmlyc3ROYW1lIjoiRW1pbHkiLCJsYXN0TmFtZSI6IkpvaG5zb24iLCJnZW5kZXIiOiJmZW1hbGUiLCJpbWFnZSI6Imh0dHBzOi8vZHVtbXlqc29uLmNvbS9pY29uL2VtaWx5cy8xMjgiLCJpYXQiOjE3NTQyNTk2NjEsImV4cCI6MTc1NDI1OTcyMX0.4mjt2qAPkTbt4fH6Soq1LOpTyzAzvk8cUCh5-nqAb2Y
1 > Host: dummyjson.com
1 > Connection: Keep-Alive
1 > User-Agent: Apache-HttpClient/4.5.14 (Java/17.0.12)
1 > Accept-Encoding: gzip,deflate


17:21:01.308 [pool-2-thread-3] DEBUG com.intuit.karate - request:
1 > GET https://dummyjson.com/auth/me
1 > Authorization: eyJhbGciOiJIUzI1NiIsInR5cCI6IkpXVCJ9.eyJpZCI6MSwidXNlcm5hbWUiOiJlbWlseXMiLCJlbWFpbCI6ImVtaWx5LmpvaG5zb25AeC5kdW1teWpzb24uY29tIiwiZmlyc3ROYW1lIjoiRW1pbHkiLCJsYXN0TmFtZSI6IkpvaG5zb24iLCJnZW5kZXIiOiJmZW1hbGUiLCJpbWFnZSI6Imh0dHBzOi8vZHVtbXlqc29uLmNvbS9pY29uL2VtaWx5cy8xMjgiLCJpYXQiOjE3NTQyNTk2NjEsImV4cCI6MTc1NDI1OTcyMX0.4mjt2qAPkTbt4fH6Soq1LOpTyzAzvk8cUCh5-nqAb2Y
1 > Host: dummyjson.com
1 > Connection: Keep-Alive
1 > User-Agent: Apache-HttpClient/4.5.14 (Java/17.0.12)
1 > Accept-Encoding: gzip,deflate


17:21:01.308 [pool-2-thread-5] DEBUG com.intuit.karate - request:
1 > GET https://dummyjson.com/auth/me
1 > Authorization: eyJhbGciOiJIUzI1NiIsInR5cCI6IkpXVCJ9.eyJpZCI6MSwidXNlcm5hbWUiOiJlbWlseXMiLCJlbWFpbCI6ImVtaWx5LmpvaG5zb25AeC5kdW1teWpzb24uY29tIiwiZmlyc3ROYW1lIjoiRW1pbHkiLCJsYXN0TmFtZSI6IkpvaG5zb24iLCJnZW5kZXIiOiJmZW1hbGUiLCJpbWFnZSI6Imh0dHBzOi8vZHVtbXlqc29uLmNvbS9pY29uL2VtaWx5cy8xMjgiLCJpYXQiOjE3NTQyNTk2NjEsImV4cCI6MTc1NDI1OTcyMX0.4mjt2qAPkTbt4fH6Soq1LOpTyzAzvk8cUCh5-nqAb2Y
1 > Host: dummyjson.com
1 > Connection: Keep-Alive
1 > User-Agent: Apache-HttpClient/4.5.14 (Java/17.0.12)
1 > Accept-Encoding: gzip,deflate


17:21:01.610 [pool-2-thread-3] DEBUG com.intuit.karate - response time in milliseconds: 298
1 < 200
1 < Access-Control-Allow-Origin: *
1 < Content-Type: application/json; charset=utf-8
1 < Date: Sun, 03 Aug 2025 22:21:01 GMT
1 < Etag: W/"57b-eBF3JfwanM/U4Wy609CPdIf9zRA"
1 < Server: railway-edge
1 < Strict-Transport-Security: max-age=15552000; includeSubDomains
1 < Vary: Accept-Encoding
1 < X-Content-Type-Options: nosniff
1 < X-Dns-Prefetch-Control: off
1 < X-Download-Options: noopen
1 < X-Frame-Options: SAMEORIGIN
1 < X-Powered-By: Cats on Keyboards
1 < X-Railway-Edge: railway/us-east4-eqdc4a
1 < X-Railway-Request-Id: b9hoHEhnS561VJrbg4a9AQ
1 < X-Ratelimit-Limit: 100
1 < X-Ratelimit-Remaining: 98
1 < X-Ratelimit-Reset: 1754259664
1 < X-Xss-Protection: 1; mode=block
1 < Transfer-Encoding: chunked
{"id":1,"firstName":"Emily","lastName":"Johnson","maidenName":"Smith","age":28,"gender":"female","email":"emily.johnson@x.dummyjson.com","phone":"+81 965-431-3024","username":"emilys","password":"emilyspass","birthDate":"1996-5-30","image":"https://dummyjson.com/icon/emilys/128","bloodGroup":"O-","height":193.24,"weight":63.16,"eyeColor":"Green","hair":{"color":"Brown","type":"Curly"},"ip":"42.48.100.32","address":{"address":"626 Main Street","city":"Phoenix","state":"Mississippi","stateCode":"MS","postalCode":"29112","coordinates":{"lat":-77.16213,"lng":-92.084824},"country":"United States"},"macAddress":"47:fa:41:18:ec:eb","university":"University of Wisconsin--Madison","bank":{"cardExpire":"03/26","cardNumber":"9289760655481815","cardType":"Elo","currency":"CNY","iban":"YPUXISOBI7TTHPK2BR3HAIXL"},"company":{"department":"Engineering","name":"Dooley, Kozey and Cronin","title":"Sales Manager","address":{"address":"263 Tenth Street","city":"San Francisco","state":"Wisconsin","stateCode":"WI","postalCode":"37657","coordinates":{"lat":71.814525,"lng":-161.150263},"country":"United States"}},"ein":"977-175","ssn":"900-590-289","userAgent":"Mozilla/5.0 (Macintosh; Intel Mac OS X 10_15_7) AppleWebKit/537.36 (KHTML, like Gecko) Chrome/96.0.4664.93 Safari/537.36","crypto":{"coin":"Bitcoin","wallet":"0xb9fc2fe63b2a6c003f1c324c3bfa53259162181a","network":"Ethereum (ERC20)"},"role":"admin"}

17:21:01.610 [pool-2-thread-1] DEBUG com.intuit.karate - response time in milliseconds: 298
1 < 200
1 < Access-Control-Allow-Origin: *
1 < Content-Type: application/json; charset=utf-8
1 < Date: Sun, 03 Aug 2025 22:21:01 GMT
1 < Etag: W/"57b-eBF3JfwanM/U4Wy609CPdIf9zRA"
1 < Server: railway-edge
1 < Strict-Transport-Security: max-age=15552000; includeSubDomains
1 < Vary: Accept-Encoding
1 < X-Content-Type-Options: nosniff
1 < X-Dns-Prefetch-Control: off
1 < X-Download-Options: noopen
1 < X-Frame-Options: SAMEORIGIN
1 < X-Powered-By: Cats on Keyboards
1 < X-Railway-Edge: railway/us-east4-eqdc4a
1 < X-Railway-Request-Id: nTSKh3-6Tw2v6GQmAax-fw
1 < X-Ratelimit-Limit: 100
1 < X-Ratelimit-Remaining: 98
1 < X-Ratelimit-Reset: 1754259668
1 < X-Xss-Protection: 1; mode=block
1 < Transfer-Encoding: chunked
{"id":1,"firstName":"Emily","lastName":"Johnson","maidenName":"Smith","age":28,"gender":"female","email":"emily.johnson@x.dummyjson.com","phone":"+81 965-431-3024","username":"emilys","password":"emilyspass","birthDate":"1996-5-30","image":"https://dummyjson.com/icon/emilys/128","bloodGroup":"O-","height":193.24,"weight":63.16,"eyeColor":"Green","hair":{"color":"Brown","type":"Curly"},"ip":"42.48.100.32","address":{"address":"626 Main Street","city":"Phoenix","state":"Mississippi","stateCode":"MS","postalCode":"29112","coordinates":{"lat":-77.16213,"lng":-92.084824},"country":"United States"},"macAddress":"47:fa:41:18:ec:eb","university":"University of Wisconsin--Madison","bank":{"cardExpire":"03/26","cardNumber":"9289760655481815","cardType":"Elo","currency":"CNY","iban":"YPUXISOBI7TTHPK2BR3HAIXL"},"company":{"department":"Engineering","name":"Dooley, Kozey and Cronin","title":"Sales Manager","address":{"address":"263 Tenth Street","city":"San Francisco","state":"Wisconsin","stateCode":"WI","postalCode":"37657","coordinates":{"lat":71.814525,"lng":-161.150263},"country":"United States"}},"ein":"977-175","ssn":"900-590-289","userAgent":"Mozilla/5.0 (Macintosh; Intel Mac OS X 10_15_7) AppleWebKit/537.36 (KHTML, like Gecko) Chrome/96.0.4664.93 Safari/537.36","crypto":{"coin":"Bitcoin","wallet":"0xb9fc2fe63b2a6c003f1c324c3bfa53259162181a","network":"Ethereum (ERC20)"},"role":"admin"}

17:21:01.610 [pool-2-thread-2] DEBUG com.intuit.karate - response time in milliseconds: 298
1 < 200
1 < Access-Control-Allow-Origin: *
1 < Content-Type: application/json; charset=utf-8
1 < Date: Sun, 03 Aug 2025 22:21:01 GMT
1 < Etag: W/"57b-eBF3JfwanM/U4Wy609CPdIf9zRA"
1 < Server: railway-edge
1 < Strict-Transport-Security: max-age=15552000; includeSubDomains
1 < Vary: Accept-Encoding
1 < X-Content-Type-Options: nosniff
1 < X-Dns-Prefetch-Control: off
1 < X-Download-Options: noopen
1 < X-Frame-Options: SAMEORIGIN
1 < X-Powered-By: Cats on Keyboards
1 < X-Railway-Edge: railway/us-east4-eqdc4a
1 < X-Railway-Request-Id: Gr592drHSgeJhxMOCx5-qw
1 < X-Ratelimit-Limit: 100
1 < X-Ratelimit-Remaining: 97
1 < X-Ratelimit-Reset: 1754259670
1 < X-Xss-Protection: 1; mode=block
1 < Transfer-Encoding: chunked
{"id":1,"firstName":"Emily","lastName":"Johnson","maidenName":"Smith","age":28,"gender":"female","email":"emily.johnson@x.dummyjson.com","phone":"+81 965-431-3024","username":"emilys","password":"emilyspass","birthDate":"1996-5-30","image":"https://dummyjson.com/icon/emilys/128","bloodGroup":"O-","height":193.24,"weight":63.16,"eyeColor":"Green","hair":{"color":"Brown","type":"Curly"},"ip":"42.48.100.32","address":{"address":"626 Main Street","city":"Phoenix","state":"Mississippi","stateCode":"MS","postalCode":"29112","coordinates":{"lat":-77.16213,"lng":-92.084824},"country":"United States"},"macAddress":"47:fa:41:18:ec:eb","university":"University of Wisconsin--Madison","bank":{"cardExpire":"03/26","cardNumber":"9289760655481815","cardType":"Elo","currency":"CNY","iban":"YPUXISOBI7TTHPK2BR3HAIXL"},"company":{"department":"Engineering","name":"Dooley, Kozey and Cronin","title":"Sales Manager","address":{"address":"263 Tenth Street","city":"San Francisco","state":"Wisconsin","stateCode":"WI","postalCode":"37657","coordinates":{"lat":71.814525,"lng":-161.150263},"country":"United States"}},"ein":"977-175","ssn":"900-590-289","userAgent":"Mozilla/5.0 (Macintosh; Intel Mac OS X 10_15_7) AppleWebKit/537.36 (KHTML, like Gecko) Chrome/96.0.4664.93 Safari/537.36","crypto":{"coin":"Bitcoin","wallet":"0xb9fc2fe63b2a6c003f1c324c3bfa53259162181a","network":"Ethereum (ERC20)"},"role":"admin"}

17:21:01.614 [pool-2-thread-2] INFO  com.intuit.karate - [print] Respuesta:  {
  "id": 1,
  "firstName": "Emily",
  "lastName": "Johnson",
  "maidenName": "Smith",
  "age": 28,
  "gender": "female",
  "email": "emily.johnson@x.dummyjson.com",
  "phone": "+81 965-431-3024",
  "username": "emilys",
  "password": "emilyspass",
  "birthDate": "1996-5-30",
  "image": "https://dummyjson.com/icon/emilys/128",
  "bloodGroup": "O-",
  "height": 193.24,
  "weight": 63.16,
  "eyeColor": "Green",
  "hair": {
    "color": "Brown",
    "type": "Curly"
  },
  "ip": "42.48.100.32",
  "address": {
    "address": "626 Main Street",
    "city": "Phoenix",
    "state": "Mississippi",
    "stateCode": "MS",
    "postalCode": "29112",
    "coordinates": {
      "lat": -77.16213,
      "lng": -92.084824
    },
    "country": "United States"
  },
  "macAddress": "47:fa:41:18:ec:eb",
  "university": "University of Wisconsin--Madison",
  "bank": {
    "cardExpire": "03/26",
    "cardNumber": "9289760655481815",
    "cardType": "Elo",
    "currency": "CNY",
    "iban": "YPUXISOBI7TTHPK2BR3HAIXL"
  },
  "company": {
    "department": "Engineering",
    "name": "Dooley, Kozey and Cronin",
    "title": "Sales Manager",
    "address": {
      "address": "263 Tenth Street",
      "city": "San Francisco",
      "state": "Wisconsin",
      "stateCode": "WI",
      "postalCode": "37657",
      "coordinates": {
        "lat": 71.814525,
        "lng": -161.150263
      },
      "country": "United States"
    }
  },
  "ein": "977-175",
  "ssn": "900-590-289",
  "userAgent": "Mozilla/5.0 (Macintosh; Intel Mac OS X 10_15_7) AppleWebKit/537.36 (KHTML, like Gecko) Chrome/96.0.4664.93 Safari/537.36",
  "crypto": {
    "coin": "Bitcoin",
    "wallet": "0xb9fc2fe63b2a6c003f1c324c3bfa53259162181a",
    "network": "Ethereum (ERC20)"
  },
  "role": "admin"
}
 
17:21:01.614 [pool-2-thread-1] INFO  com.intuit.karate - [print] Respuesta:  {
  "id": 1,
  "firstName": "Emily",
  "lastName": "Johnson",
  "maidenName": "Smith",
  "age": 28,
  "gender": "female",
  "email": "emily.johnson@x.dummyjson.com",
  "phone": "+81 965-431-3024",
  "username": "emilys",
  "password": "emilyspass",
  "birthDate": "1996-5-30",
  "image": "https://dummyjson.com/icon/emilys/128",
  "bloodGroup": "O-",
  "height": 193.24,
  "weight": 63.16,
  "eyeColor": "Green",
  "hair": {
    "color": "Brown",
    "type": "Curly"
  },
  "ip": "42.48.100.32",
  "address": {
    "address": "626 Main Street",
    "city": "Phoenix",
    "state": "Mississippi",
    "stateCode": "MS",
    "postalCode": "29112",
    "coordinates": {
      "lat": -77.16213,
      "lng": -92.084824
    },
    "country": "United States"
  },
  "macAddress": "47:fa:41:18:ec:eb",
  "university": "University of Wisconsin--Madison",
  "bank": {
    "cardExpire": "03/26",
    "cardNumber": "9289760655481815",
    "cardType": "Elo",
    "currency": "CNY",
    "iban": "YPUXISOBI7TTHPK2BR3HAIXL"
  },
  "company": {
    "department": "Engineering",
    "name": "Dooley, Kozey and Cronin",
    "title": "Sales Manager",
    "address": {
      "address": "263 Tenth Street",
      "city": "San Francisco",
      "state": "Wisconsin",
      "stateCode": "WI",
      "postalCode": "37657",
      "coordinates": {
        "lat": 71.814525,
        "lng": -161.150263
      },
      "country": "United States"
    }
  },
  "ein": "977-175",
  "ssn": "900-590-289",
  "userAgent": "Mozilla/5.0 (Macintosh; Intel Mac OS X 10_15_7) AppleWebKit/537.36 (KHTML, like Gecko) Chrome/96.0.4664.93 Safari/537.36",
  "crypto": {
    "coin": "Bitcoin",
    "wallet": "0xb9fc2fe63b2a6c003f1c324c3bfa53259162181a",
    "network": "Ethereum (ERC20)"
  },
  "role": "admin"
}
 
17:21:01.614 [pool-2-thread-3] INFO  com.intuit.karate - [print] Respuesta:  {
  "id": 1,
  "firstName": "Emily",
  "lastName": "Johnson",
  "maidenName": "Smith",
  "age": 28,
  "gender": "female",
  "email": "emily.johnson@x.dummyjson.com",
  "phone": "+81 965-431-3024",
  "username": "emilys",
  "password": "emilyspass",
  "birthDate": "1996-5-30",
  "image": "https://dummyjson.com/icon/emilys/128",
  "bloodGroup": "O-",
  "height": 193.24,
  "weight": 63.16,
  "eyeColor": "Green",
  "hair": {
    "color": "Brown",
    "type": "Curly"
  },
  "ip": "42.48.100.32",
  "address": {
    "address": "626 Main Street",
    "city": "Phoenix",
    "state": "Mississippi",
    "stateCode": "MS",
    "postalCode": "29112",
    "coordinates": {
      "lat": -77.16213,
      "lng": -92.084824
    },
    "country": "United States"
  },
  "macAddress": "47:fa:41:18:ec:eb",
  "university": "University of Wisconsin--Madison",
  "bank": {
    "cardExpire": "03/26",
    "cardNumber": "9289760655481815",
    "cardType": "Elo",
    "currency": "CNY",
    "iban": "YPUXISOBI7TTHPK2BR3HAIXL"
  },
  "company": {
    "department": "Engineering",
    "name": "Dooley, Kozey and Cronin",
    "title": "Sales Manager",
    "address": {
      "address": "263 Tenth Street",
      "city": "San Francisco",
      "state": "Wisconsin",
      "stateCode": "WI",
      "postalCode": "37657",
      "coordinates": {
        "lat": 71.814525,
        "lng": -161.150263
      },
      "country": "United States"
    }
  },
  "ein": "977-175",
  "ssn": "900-590-289",
  "userAgent": "Mozilla/5.0 (Macintosh; Intel Mac OS X 10_15_7) AppleWebKit/537.36 (KHTML, like Gecko) Chrome/96.0.4664.93 Safari/537.36",
  "crypto": {
    "coin": "Bitcoin",
    "wallet": "0xb9fc2fe63b2a6c003f1c324c3bfa53259162181a",
    "network": "Ethereum (ERC20)"
  },
  "role": "admin"
}
 
17:21:01.619 [pool-2-thread-5] DEBUG com.intuit.karate - response time in milliseconds: 311
1 < 200
1 < Access-Control-Allow-Origin: *
1 < Content-Type: application/json; charset=utf-8
1 < Date: Sun, 03 Aug 2025 22:21:01 GMT
1 < Etag: W/"57b-eBF3JfwanM/U4Wy609CPdIf9zRA"
1 < Server: railway-edge
1 < Strict-Transport-Security: max-age=15552000; includeSubDomains
1 < Vary: Accept-Encoding
1 < X-Content-Type-Options: nosniff
1 < X-Dns-Prefetch-Control: off
1 < X-Download-Options: noopen
1 < X-Frame-Options: SAMEORIGIN
1 < X-Powered-By: Cats on Keyboards
1 < X-Railway-Edge: railway/us-east4-eqdc4a
1 < X-Railway-Request-Id: Qqe5sBv-QzKzaASgg4a9AQ
1 < X-Ratelimit-Limit: 100
1 < X-Ratelimit-Remaining: 97
1 < X-Ratelimit-Reset: 1754259664
1 < X-Xss-Protection: 1; mode=block
1 < Transfer-Encoding: chunked
{"id":1,"firstName":"Emily","lastName":"Johnson","maidenName":"Smith","age":28,"gender":"female","email":"emily.johnson@x.dummyjson.com","phone":"+81 965-431-3024","username":"emilys","password":"emilyspass","birthDate":"1996-5-30","image":"https://dummyjson.com/icon/emilys/128","bloodGroup":"O-","height":193.24,"weight":63.16,"eyeColor":"Green","hair":{"color":"Brown","type":"Curly"},"ip":"42.48.100.32","address":{"address":"626 Main Street","city":"Phoenix","state":"Mississippi","stateCode":"MS","postalCode":"29112","coordinates":{"lat":-77.16213,"lng":-92.084824},"country":"United States"},"macAddress":"47:fa:41:18:ec:eb","university":"University of Wisconsin--Madison","bank":{"cardExpire":"03/26","cardNumber":"9289760655481815","cardType":"Elo","currency":"CNY","iban":"YPUXISOBI7TTHPK2BR3HAIXL"},"company":{"department":"Engineering","name":"Dooley, Kozey and Cronin","title":"Sales Manager","address":{"address":"263 Tenth Street","city":"San Francisco","state":"Wisconsin","stateCode":"WI","postalCode":"37657","coordinates":{"lat":71.814525,"lng":-161.150263},"country":"United States"}},"ein":"977-175","ssn":"900-590-289","userAgent":"Mozilla/5.0 (Macintosh; Intel Mac OS X 10_15_7) AppleWebKit/537.36 (KHTML, like Gecko) Chrome/96.0.4664.93 Safari/537.36","crypto":{"coin":"Bitcoin","wallet":"0xb9fc2fe63b2a6c003f1c324c3bfa53259162181a","network":"Ethereum (ERC20)"},"role":"admin"}

17:21:01.619 [pool-2-thread-4] DEBUG com.intuit.karate - response time in milliseconds: 309
1 < 200
1 < Access-Control-Allow-Origin: *
1 < Content-Type: application/json; charset=utf-8
1 < Date: Sun, 03 Aug 2025 22:21:01 GMT
1 < Etag: W/"57b-eBF3JfwanM/U4Wy609CPdIf9zRA"
1 < Server: railway-edge
1 < Strict-Transport-Security: max-age=15552000; includeSubDomains
1 < Vary: Accept-Encoding
1 < X-Content-Type-Options: nosniff
1 < X-Dns-Prefetch-Control: off
1 < X-Download-Options: noopen
1 < X-Frame-Options: SAMEORIGIN
1 < X-Powered-By: Cats on Keyboards
1 < X-Railway-Edge: railway/us-east4-eqdc4a
1 < X-Railway-Request-Id: jAS7bZlWQ2Coj5dXg4a9AQ
1 < X-Ratelimit-Limit: 100
1 < X-Ratelimit-Remaining: 99
1 < X-Ratelimit-Reset: 1754259667
1 < X-Xss-Protection: 1; mode=block
1 < Transfer-Encoding: chunked
{"id":1,"firstName":"Emily","lastName":"Johnson","maidenName":"Smith","age":28,"gender":"female","email":"emily.johnson@x.dummyjson.com","phone":"+81 965-431-3024","username":"emilys","password":"emilyspass","birthDate":"1996-5-30","image":"https://dummyjson.com/icon/emilys/128","bloodGroup":"O-","height":193.24,"weight":63.16,"eyeColor":"Green","hair":{"color":"Brown","type":"Curly"},"ip":"42.48.100.32","address":{"address":"626 Main Street","city":"Phoenix","state":"Mississippi","stateCode":"MS","postalCode":"29112","coordinates":{"lat":-77.16213,"lng":-92.084824},"country":"United States"},"macAddress":"47:fa:41:18:ec:eb","university":"University of Wisconsin--Madison","bank":{"cardExpire":"03/26","cardNumber":"9289760655481815","cardType":"Elo","currency":"CNY","iban":"YPUXISOBI7TTHPK2BR3HAIXL"},"company":{"department":"Engineering","name":"Dooley, Kozey and Cronin","title":"Sales Manager","address":{"address":"263 Tenth Street","city":"San Francisco","state":"Wisconsin","stateCode":"WI","postalCode":"37657","coordinates":{"lat":71.814525,"lng":-161.150263},"country":"United States"}},"ein":"977-175","ssn":"900-590-289","userAgent":"Mozilla/5.0 (Macintosh; Intel Mac OS X 10_15_7) AppleWebKit/537.36 (KHTML, like Gecko) Chrome/96.0.4664.93 Safari/537.36","crypto":{"coin":"Bitcoin","wallet":"0xb9fc2fe63b2a6c003f1c324c3bfa53259162181a","network":"Ethereum (ERC20)"},"role":"admin"}

17:21:01.624 [pool-2-thread-5] INFO  com.intuit.karate - [print] Respuesta:  {
  "id": 1,
  "firstName": "Emily",
  "lastName": "Johnson",
  "maidenName": "Smith",
  "age": 28,
  "gender": "female",
  "email": "emily.johnson@x.dummyjson.com",
  "phone": "+81 965-431-3024",
  "username": "emilys",
  "password": "emilyspass",
  "birthDate": "1996-5-30",
  "image": "https://dummyjson.com/icon/emilys/128",
  "bloodGroup": "O-",
  "height": 193.24,
  "weight": 63.16,
  "eyeColor": "Green",
  "hair": {
    "color": "Brown",
    "type": "Curly"
  },
  "ip": "42.48.100.32",
  "address": {
    "address": "626 Main Street",
    "city": "Phoenix",
    "state": "Mississippi",
    "stateCode": "MS",
    "postalCode": "29112",
    "coordinates": {
      "lat": -77.16213,
      "lng": -92.084824
    },
    "country": "United States"
  },
  "macAddress": "47:fa:41:18:ec:eb",
  "university": "University of Wisconsin--Madison",
  "bank": {
    "cardExpire": "03/26",
    "cardNumber": "9289760655481815",
    "cardType": "Elo",
    "currency": "CNY",
    "iban": "YPUXISOBI7TTHPK2BR3HAIXL"
  },
  "company": {
    "department": "Engineering",
    "name": "Dooley, Kozey and Cronin",
    "title": "Sales Manager",
    "address": {
      "address": "263 Tenth Street",
      "city": "San Francisco",
      "state": "Wisconsin",
      "stateCode": "WI",
      "postalCode": "37657",
      "coordinates": {
        "lat": 71.814525,
        "lng": -161.150263
      },
      "country": "United States"
    }
  },
  "ein": "977-175",
  "ssn": "900-590-289",
  "userAgent": "Mozilla/5.0 (Macintosh; Intel Mac OS X 10_15_7) AppleWebKit/537.36 (KHTML, like Gecko) Chrome/96.0.4664.93 Safari/537.36",
  "crypto": {
    "coin": "Bitcoin",
    "wallet": "0xb9fc2fe63b2a6c003f1c324c3bfa53259162181a",
    "network": "Ethereum (ERC20)"
  },
  "role": "admin"
}
 
17:21:01.624 [pool-2-thread-4] INFO  com.intuit.karate - [print] Respuesta:  {
  "id": 1,
  "firstName": "Emily",
  "lastName": "Johnson",
  "maidenName": "Smith",
  "age": 28,
  "gender": "female",
  "email": "emily.johnson@x.dummyjson.com",
  "phone": "+81 965-431-3024",
  "username": "emilys",
  "password": "emilyspass",
  "birthDate": "1996-5-30",
  "image": "https://dummyjson.com/icon/emilys/128",
  "bloodGroup": "O-",
  "height": 193.24,
  "weight": 63.16,
  "eyeColor": "Green",
  "hair": {
    "color": "Brown",
    "type": "Curly"
  },
  "ip": "42.48.100.32",
  "address": {
    "address": "626 Main Street",
    "city": "Phoenix",
    "state": "Mississippi",
    "stateCode": "MS",
    "postalCode": "29112",
    "coordinates": {
      "lat": -77.16213,
      "lng": -92.084824
    },
    "country": "United States"
  },
  "macAddress": "47:fa:41:18:ec:eb",
  "university": "University of Wisconsin--Madison",
  "bank": {
    "cardExpire": "03/26",
    "cardNumber": "9289760655481815",
    "cardType": "Elo",
    "currency": "CNY",
    "iban": "YPUXISOBI7TTHPK2BR3HAIXL"
  },
  "company": {
    "department": "Engineering",
    "name": "Dooley, Kozey and Cronin",
    "title": "Sales Manager",
    "address": {
      "address": "263 Tenth Street",
      "city": "San Francisco",
      "state": "Wisconsin",
      "stateCode": "WI",
      "postalCode": "37657",
      "coordinates": {
        "lat": 71.814525,
        "lng": -161.150263
      },
      "country": "United States"
    }
  },
  "ein": "977-175",
  "ssn": "900-590-289",
  "userAgent": "Mozilla/5.0 (Macintosh; Intel Mac OS X 10_15_7) AppleWebKit/537.36 (KHTML, like Gecko) Chrome/96.0.4664.93 Safari/537.36",
  "crypto": {
    "coin": "Bitcoin",
    "wallet": "0xb9fc2fe63b2a6c003f1c324c3bfa53259162181a",
    "network": "Ethereum (ERC20)"
  },
  "role": "admin"
}
 
17:21:01.624 [pool-2-thread-2] INFO  com.intuit.karate - karate.env system property was: cert 
17:21:01.658 [pool-2-thread-2] DEBUG com.intuit.karate - request:
1 > POST https://dummyjson.com/auth/login
1 > Content-Type: application/json; charset=UTF-8
1 > Content-Length: 63
1 > Host: dummyjson.com
1 > Connection: Keep-Alive
1 > User-Agent: Apache-HttpClient/4.5.14 (Java/17.0.12)
1 > Accept-Encoding: gzip,deflate
{"username":"emilys","password":"emilyspass","expiresInMins":1}

17:21:01.967 [pool-2-thread-2] DEBUG com.intuit.karate - response time in milliseconds: 306
1 < 200
1 < Access-Control-Allow-Origin: *
1 < Content-Length: 930
1 < Content-Type: application/json; charset=utf-8
1 < Date: Sun, 03 Aug 2025 22:21:01 GMT
1 < Etag: W/"3a2-J2RDjLH+VDTe+Tulz8ULapXqjb0"
1 < Server: railway-edge
1 < Set-Cookie: accessToken=eyJhbGciOiJIUzI1NiIsInR5cCI6IkpXVCJ9.eyJpZCI6MSwidXNlcm5hbWUiOiJlbWlseXMiLCJlbWFpbCI6ImVtaWx5LmpvaG5zb25AeC5kdW1teWpzb24uY29tIiwiZmlyc3ROYW1lIjoiRW1pbHkiLCJsYXN0TmFtZSI6IkpvaG5zb24iLCJnZW5kZXIiOiJmZW1hbGUiLCJpbWFnZSI6Imh0dHBzOi8vZHVtbXlqc29uLmNvbS9pY29uL2VtaWx5cy8xMjgiLCJpYXQiOjE3NTQyNTk2NjEsImV4cCI6MTc1NDI1OTcyMX0.4mjt2qAPkTbt4fH6Soq1LOpTyzAzvk8cUCh5-nqAb2Y; Max-Age=60; Path=/; Expires=Sun, 03 Aug 2025 22:22:01 GMT; HttpOnly; Secure
1 < Set-Cookie: refreshToken=eyJhbGciOiJIUzI1NiIsInR5cCI6IkpXVCJ9.eyJpZCI6MSwidXNlcm5hbWUiOiJlbWlseXMiLCJlbWFpbCI6ImVtaWx5LmpvaG5zb25AeC5kdW1teWpzb24uY29tIiwiZmlyc3ROYW1lIjoiRW1pbHkiLCJsYXN0TmFtZSI6IkpvaG5zb24iLCJnZW5kZXIiOiJmZW1hbGUiLCJpbWFnZSI6Imh0dHBzOi8vZHVtbXlqc29uLmNvbS9pY29uL2VtaWx5cy8xMjgiLCJpYXQiOjE3NTQyNTk2NjEsImV4cCI6MTc1Njg1MTY2MX0.ZlwJW2HSSSeSGQaQ-EL5HC-wk73SlZC0-Mu7GG_mqA0; Max-Age=60; Path=/; Expires=Sun, 03 Aug 2025 22:22:01 GMT; HttpOnly; Secure
1 < Strict-Transport-Security: max-age=15552000; includeSubDomains
1 < Vary: Accept-Encoding
1 < X-Content-Type-Options: nosniff
1 < X-Dns-Prefetch-Control: off
1 < X-Download-Options: noopen
1 < X-Frame-Options: SAMEORIGIN
1 < X-Powered-By: Cats on Keyboards
1 < X-Railway-Edge: railway/us-east4-eqdc4a
1 < X-Railway-Request-Id: DzUL-QI0Rx6IkvafCx5-qw
1 < X-Ratelimit-Limit: 100
1 < X-Ratelimit-Remaining: 96
1 < X-Ratelimit-Reset: 1754259670
1 < X-Xss-Protection: 1; mode=block
{"accessToken":"eyJhbGciOiJIUzI1NiIsInR5cCI6IkpXVCJ9.eyJpZCI6MSwidXNlcm5hbWUiOiJlbWlseXMiLCJlbWFpbCI6ImVtaWx5LmpvaG5zb25AeC5kdW1teWpzb24uY29tIiwiZmlyc3ROYW1lIjoiRW1pbHkiLCJsYXN0TmFtZSI6IkpvaG5zb24iLCJnZW5kZXIiOiJmZW1hbGUiLCJpbWFnZSI6Imh0dHBzOi8vZHVtbXlqc29uLmNvbS9pY29uL2VtaWx5cy8xMjgiLCJpYXQiOjE3NTQyNTk2NjEsImV4cCI6MTc1NDI1OTcyMX0.4mjt2qAPkTbt4fH6Soq1LOpTyzAzvk8cUCh5-nqAb2Y","refreshToken":"eyJhbGciOiJIUzI1NiIsInR5cCI6IkpXVCJ9.eyJpZCI6MSwidXNlcm5hbWUiOiJlbWlseXMiLCJlbWFpbCI6ImVtaWx5LmpvaG5zb25AeC5kdW1teWpzb24uY29tIiwiZmlyc3ROYW1lIjoiRW1pbHkiLCJsYXN0TmFtZSI6IkpvaG5zb24iLCJnZW5kZXIiOiJmZW1hbGUiLCJpbWFnZSI6Imh0dHBzOi8vZHVtbXlqc29uLmNvbS9pY29uL2VtaWx5cy8xMjgiLCJpYXQiOjE3NTQyNTk2NjEsImV4cCI6MTc1Njg1MTY2MX0.ZlwJW2HSSSeSGQaQ-EL5HC-wk73SlZC0-Mu7GG_mqA0","id":1,"username":"emilys","email":"emily.johnson@x.dummyjson.com","firstName":"Emily","lastName":"Johnson","gender":"female","image":"https://dummyjson.com/icon/emilys/128"}

17:21:01.967 [pool-2-thread-2] INFO  com.intuit.karate - [print] Token:  {
  "accessToken": "eyJhbGciOiJIUzI1NiIsInR5cCI6IkpXVCJ9.eyJpZCI6MSwidXNlcm5hbWUiOiJlbWlseXMiLCJlbWFpbCI6ImVtaWx5LmpvaG5zb25AeC5kdW1teWpzb24uY29tIiwiZmlyc3ROYW1lIjoiRW1pbHkiLCJsYXN0TmFtZSI6IkpvaG5zb24iLCJnZW5kZXIiOiJmZW1hbGUiLCJpbWFnZSI6Imh0dHBzOi8vZHVtbXlqc29uLmNvbS9pY29uL2VtaWx5cy8xMjgiLCJpYXQiOjE3NTQyNTk2NjEsImV4cCI6MTc1NDI1OTcyMX0.4mjt2qAPkTbt4fH6Soq1LOpTyzAzvk8cUCh5-nqAb2Y",
  "refreshToken": "eyJhbGciOiJIUzI1NiIsInR5cCI6IkpXVCJ9.eyJpZCI6MSwidXNlcm5hbWUiOiJlbWlseXMiLCJlbWFpbCI6ImVtaWx5LmpvaG5zb25AeC5kdW1teWpzb24uY29tIiwiZmlyc3ROYW1lIjoiRW1pbHkiLCJsYXN0TmFtZSI6IkpvaG5zb24iLCJnZW5kZXIiOiJmZW1hbGUiLCJpbWFnZSI6Imh0dHBzOi8vZHVtbXlqc29uLmNvbS9pY29uL2VtaWx5cy8xMjgiLCJpYXQiOjE3NTQyNTk2NjEsImV4cCI6MTc1Njg1MTY2MX0.ZlwJW2HSSSeSGQaQ-EL5HC-wk73SlZC0-Mu7GG_mqA0",
  "id": 1,
  "username": "emilys",
  "email": "emily.johnson@x.dummyjson.com",
  "firstName": "Emily",
  "lastName": "Johnson",
  "gender": "female",
  "image": "https://dummyjson.com/icon/emilys/128"
}
 
17:21:01.973 [pool-2-thread-2] INFO  com.intuit.karate - [print] access_token:  eyJhbGciOiJIUzI1NiIsInR5cCI6IkpXVCJ9.eyJpZCI6MSwidXNlcm5hbWUiOiJlbWlseXMiLCJlbWFpbCI6ImVtaWx5LmpvaG5zb25AeC5kdW1teWpzb24uY29tIiwiZmlyc3ROYW1lIjoiRW1pbHkiLCJsYXN0TmFtZSI6IkpvaG5zb24iLCJnZW5kZXIiOiJmZW1hbGUiLCJpbWFnZSI6Imh0dHBzOi8vZHVtbXlqc29uLmNvbS9pY29uL2VtaWx5cy8xMjgiLCJpYXQiOjE3NTQyNTk2NjEsImV4cCI6MTc1NDI1OTcyMX0.4mjt2qAPkTbt4fH6Soq1LOpTyzAzvk8cUCh5-nqAb2Y 
17:21:01.973 [pool-2-thread-2] DEBUG com.intuit.karate - request:
1 > GET https://dummyjson.com/auth/me
1 > Authorization: eyJhbGciOiJIUzI1NiIsInR5cCI6IkpXVCJ9.eyJpZCI6MSwidXNlcm5hbWUiOiJlbWlseXMiLCJlbWFpbCI6ImVtaWx5LmpvaG5zb25AeC5kdW1teWpzb24uY29tIiwiZmlyc3ROYW1lIjoiRW1pbHkiLCJsYXN0TmFtZSI6IkpvaG5zb24iLCJnZW5kZXIiOiJmZW1hbGUiLCJpbWFnZSI6Imh0dHBzOi8vZHVtbXlqc29uLmNvbS9pY29uL2VtaWx5cy8xMjgiLCJpYXQiOjE3NTQyNTk2NjEsImV4cCI6MTc1NDI1OTcyMX0.4mjt2qAPkTbt4fH6Soq1LOpTyzAzvk8cUCh5-nqAb2Y
1 > Host: dummyjson.com
1 > Connection: Keep-Alive
1 > User-Agent: Apache-HttpClient/4.5.14 (Java/17.0.12)
1 > Accept-Encoding: gzip,deflate


17:21:02.281 [pool-2-thread-2] DEBUG com.intuit.karate - response time in milliseconds: 299
1 < 200
1 < Access-Control-Allow-Origin: *
1 < Content-Type: application/json; charset=utf-8
1 < Date: Sun, 03 Aug 2025 22:21:02 GMT
1 < Etag: W/"57b-eBF3JfwanM/U4Wy609CPdIf9zRA"
1 < Server: railway-edge
1 < Strict-Transport-Security: max-age=15552000; includeSubDomains
1 < Vary: Accept-Encoding
1 < X-Content-Type-Options: nosniff
1 < X-Dns-Prefetch-Control: off
1 < X-Download-Options: noopen
1 < X-Frame-Options: SAMEORIGIN
1 < X-Powered-By: Cats on Keyboards
1 < X-Railway-Edge: railway/us-east4-eqdc4a
1 < X-Railway-Request-Id: ne2gIkAoS56_c-y2Aax-fw
1 < X-Ratelimit-Limit: 100
1 < X-Ratelimit-Remaining: 97
1 < X-Ratelimit-Reset: 1754259668
1 < X-Xss-Protection: 1; mode=block
1 < Transfer-Encoding: chunked
{"id":1,"firstName":"Emily","lastName":"Johnson","maidenName":"Smith","age":28,"gender":"female","email":"emily.johnson@x.dummyjson.com","phone":"+81 965-431-3024","username":"emilys","password":"emilyspass","birthDate":"1996-5-30","image":"https://dummyjson.com/icon/emilys/128","bloodGroup":"O-","height":193.24,"weight":63.16,"eyeColor":"Green","hair":{"color":"Brown","type":"Curly"},"ip":"42.48.100.32","address":{"address":"626 Main Street","city":"Phoenix","state":"Mississippi","stateCode":"MS","postalCode":"29112","coordinates":{"lat":-77.16213,"lng":-92.084824},"country":"United States"},"macAddress":"47:fa:41:18:ec:eb","university":"University of Wisconsin--Madison","bank":{"cardExpire":"03/26","cardNumber":"9289760655481815","cardType":"Elo","currency":"CNY","iban":"YPUXISOBI7TTHPK2BR3HAIXL"},"company":{"department":"Engineering","name":"Dooley, Kozey and Cronin","title":"Sales Manager","address":{"address":"263 Tenth Street","city":"San Francisco","state":"Wisconsin","stateCode":"WI","postalCode":"37657","coordinates":{"lat":71.814525,"lng":-161.150263},"country":"United States"}},"ein":"977-175","ssn":"900-590-289","userAgent":"Mozilla/5.0 (Macintosh; Intel Mac OS X 10_15_7) AppleWebKit/537.36 (KHTML, like Gecko) Chrome/96.0.4664.93 Safari/537.36","crypto":{"coin":"Bitcoin","wallet":"0xb9fc2fe63b2a6c003f1c324c3bfa53259162181a","network":"Ethereum (ERC20)"},"role":"admin"}

17:21:02.283 [pool-2-thread-2] INFO  com.intuit.karate - [print] Respuesta:  {
  "id": 1,
  "firstName": "Emily",
  "lastName": "Johnson",
  "maidenName": "Smith",
  "age": 28,
  "gender": "female",
  "email": "emily.johnson@x.dummyjson.com",
  "phone": "+81 965-431-3024",
  "username": "emilys",
  "password": "emilyspass",
  "birthDate": "1996-5-30",
  "image": "https://dummyjson.com/icon/emilys/128",
  "bloodGroup": "O-",
  "height": 193.24,
  "weight": 63.16,
  "eyeColor": "Green",
  "hair": {
    "color": "Brown",
    "type": "Curly"
  },
  "ip": "42.48.100.32",
  "address": {
    "address": "626 Main Street",
    "city": "Phoenix",
    "state": "Mississippi",
    "stateCode": "MS",
    "postalCode": "29112",
    "coordinates": {
      "lat": -77.16213,
      "lng": -92.084824
    },
    "country": "United States"
  },
  "macAddress": "47:fa:41:18:ec:eb",
  "university": "University of Wisconsin--Madison",
  "bank": {
    "cardExpire": "03/26",
    "cardNumber": "9289760655481815",
    "cardType": "Elo",
    "currency": "CNY",
    "iban": "YPUXISOBI7TTHPK2BR3HAIXL"
  },
  "company": {
    "department": "Engineering",
    "name": "Dooley, Kozey and Cronin",
    "title": "Sales Manager",
    "address": {
      "address": "263 Tenth Street",
      "city": "San Francisco",
      "state": "Wisconsin",
      "stateCode": "WI",
      "postalCode": "37657",
      "coordinates": {
        "lat": 71.814525,
        "lng": -161.150263
      },
      "country": "United States"
    }
  },
  "ein": "977-175",
  "ssn": "900-590-289",
  "userAgent": "Mozilla/5.0 (Macintosh; Intel Mac OS X 10_15_7) AppleWebKit/537.36 (KHTML, like Gecko) Chrome/96.0.4664.93 Safari/537.36",
  "crypto": {
    "coin": "Bitcoin",
    "wallet": "0xb9fc2fe63b2a6c003f1c324c3bfa53259162181a",
    "network": "Ethereum (ERC20)"
  },
  "role": "admin"
}
 
---------------------------------------------------------
feature: classpath:features/auth/login.feature
scenarios:  6 | passed:  6 | failed:  0 | time: 8.5634
---------------------------------------------------------

17:21:03.659 [pool-3-thread-1] INFO  com.intuit.karate.Suite - <<pass>> feature 2 of 6 (4 remaining) classpath:features/auth/login.feature
Karate version: 1.5.0 | env: cert
======================================================
elapsed:   6.41 | threads:    5 | thread time: 8.56 
features:     1 | skipped:    5 | efficiency: 0.27
scenarios:    6 | passed:     6 | failed: 0
======================================================

HTML report: (paste into browser to view) | Karate version: 1.5.0 | env: cert
file:///C:/Users/Admin/Downloads/Capacitacion/CapacitacionKarateTCS1205/CapaKarateTCS1/target/karate-reports/karate-summary.html
===================================================================

]]></system-out>
  </testcase>
</testsuite>